15:07:12 **** Incremental Build of configuration Debug for project MainMicro ****
make -j8 all 
arm-none-eabi-gcc "../Core/Src/main.c" -mcpu=cortex-m0 -std=gnu11 -g3 -DDEBUG -DUSE_HAL_DRIVER -DSTM32F091xC -c -I../Core/Inc -I../Drivers/STM32F0xx_HAL_Driver/Inc -I../Drivers/STM32F0xx_HAL_Driver/Inc/Legacy -I../Drivers/CMSIS/Device/ST/STM32F0xx/Include -I../Drivers/CMSIS/Include -O0 -ffunction-sections -fdata-sections -Wall -fstack-usage -fcyclomatic-complexity -MMD -MP -MF"Core/Src/main.d" -MT"Core/Src/main.o" --specs=nano.specs -mfloat-abi=soft -mthumb -o "Core/Src/main.o"
../Core/Src/main.c: In function 'HAL_GPIO_EXTI_Callback':
../Core/Src/main.c:431:25: warning: pointer targets in passing argument 1 of 'sprintf' differ in signedness [-Wpointer-sign]
  431 |                 sprintf(score_read, "%d\n\r", player1score);
      |                         ^~~~~~~~~~
      |                         |
      |                         uint8_t * {aka unsigned char *}
In file included from ../Core/Src/main.c:21:
C:\ST\STM32CubeIDE_1.13.1\STM32CubeIDE\plugins\com.st.stm32cube.ide.mcu.externaltools.gnu-tools-for-stm32.11.3.rel1.win32_1.1.0.202305231506\tools\bin/../lib/gcc/arm-none-eabi/11.3.1/../../../../arm-none-eabi/include/stdio.h:254:18: note: expected 'char * restrict' but argument is of type 'uint8_t *' {aka 'unsigned char *'}
  254 | int     sprintf (char *__restrict, const char *__restrict, ...)
      |                  ^
../Core/Src/main.c:438:25: warning: pointer targets in passing argument 1 of 'sprintf' differ in signedness [-Wpointer-sign]
  438 |                 sprintf(score_read, "%d\n\r", player2score);
      |                         ^~~~~~~~~~
      |                         |
      |                         uint8_t * {aka unsigned char *}
In file included from ../Core/Src/main.c:21:
C:\ST\STM32CubeIDE_1.13.1\STM32CubeIDE\plugins\com.st.stm32cube.ide.mcu.externaltools.gnu-tools-for-stm32.11.3.rel1.win32_1.1.0.202305231506\tools\bin/../lib/gcc/arm-none-eabi/11.3.1/../../../../arm-none-eabi/include/stdio.h:254:18: note: expected 'char * restrict' but argument is of type 'uint8_t *' {aka 'unsigned char *'}
  254 | int     sprintf (char *__restrict, const char *__restrict, ...)
      |                  ^
../Core/Src/main.c: In function 'map_speed':
../Core/Src/main.c:455:5: warning: type of 'speed_data' defaults to 'int' [-Wimplicit-int]
  455 | int map_speed(speed_data)
      |     ^~~~~~~~~
../Core/Src/main.c: In function 'HAL_UART_RxCpltCallback':
../Core/Src/main.c:482:26: warning: pointer targets in passing argument 1 of 'remove_all_chars' differ in signedness [-Wpointer-sign]
  482 |         remove_all_chars(rxdata, 'b');
      |                          ^~~~~~
      |                          |
      |                          uint8_t * {aka unsigned char *}
../Core/Src/main.c:445:29: note: expected 'char *' but argument is of type 'uint8_t *' {aka 'unsigned char *'}
  445 | void remove_all_chars(char* str, char c)
      |                       ~~~~~~^~~
../Core/Src/main.c:483:26: warning: pointer targets in passing argument 1 of 'remove_all_chars' differ in signedness [-Wpointer-sign]
  483 |         remove_all_chars(rxdata, '\'');
      |                          ^~~~~~
      |                          |
      |                          uint8_t * {aka unsigned char *}
../Core/Src/main.c:445:29: note: expected 'char *' but argument is of type 'uint8_t *' {aka 'unsigned char *'}
  445 | void remove_all_chars(char* str, char c)
      |                       ~~~~~~^~~
../Core/Src/main.c:484:29: warning: pointer targets in passing argument 1 of 'strstr' differ in signedness [-Wpointer-sign]
  484 |         char *sign = strstr(rxdata, "-");
      |                             ^~~~~~
      |                             |
      |                             uint8_t * {aka unsigned char *}
In file included from ../Core/Src/main.c:22:
C:\ST\STM32CubeIDE_1.13.1\STM32CubeIDE\plugins\com.st.stm32cube.ide.mcu.externaltools.gnu-tools-for-stm32.11.3.rel1.win32_1.1.0.202305231506\tools\bin/../lib/gcc/arm-none-eabi/11.3.1/../../../../arm-none-eabi/include/string.h:48:18: note: expected 'const char *' but argument is of type 'uint8_t *' {aka 'unsigned char *'}
   48 | char    *strstr (const char *, const char *);
      |                  ^~~~~~~~~~~~
arm-none-eabi-gcc -o "MainMicro.elf" @"objects.list"   -mcpu=cortex-m0 -T"\\NAS01.ITAP.PURDUE.EDU\puhome\My Documents\477\ECE477 fr\ECE477\Software\Main Micro Code\STM32F091RCTX_FLASH.ld" --specs=nosys.specs -Wl,-Map="MainMicro.map" -Wl,--gc-sections -static --specs=nano.specs -mfloat-abi=soft -mthumb -Wl,--start-group -lc -lm -Wl,--end-group
C:/ST/STM32CubeIDE_1.13.1/STM32CubeIDE/plugins/com.st.stm32cube.ide.mcu.externaltools.gnu-tools-for-stm32.11.3.rel1.win32_1.1.0.202305231506/tools/bin/../lib/gcc/arm-none-eabi/11.3.1/../../../../arm-none-eabi/bin/ld.exe: cannot open linker script file \NAS01.ITAP.PURDUE.EDU\puhome\My Documents\477\ECE477 fr\ECE477\Software\Main Micro Code\STM32F091RCTX_FLASH.ld: No such file or directory
collect2.exe: error: ld returned 1 exit status
make: *** [makefile:67: MainMicro.elf] Error 1
"make -j8 all" terminated with exit code 2. Build might be incomplete.
15:07:34 **** Incremental Build of configuration Debug for project MainMicro ****
make -j8 all 
arm-none-eabi-gcc -o "MainMicro.elf" @"objects.list"   -mcpu=cortex-m0 -T"\\NAS01.ITAP.PURDUE.EDU\puhome\My Documents\477\ECE477 fr\ECE477\Software\Main Micro Code\STM32F091RCTX_FLASH.ld" --specs=nosys.specs -Wl,-Map="MainMicro.map" -Wl,--gc-sections -static --specs=nano.specs -mfloat-abi=soft -mthumb -Wl,--start-group -lc -lm -Wl,--end-group
C:/ST/STM32CubeIDE_1.13.1/STM32CubeIDE/plugins/com.st.stm32cube.ide.mcu.externaltools.gnu-tools-for-stm32.11.3.rel1.win32_1.1.0.202305231506/tools/bin/../lib/gcc/arm-none-eabi/11.3.1/../../../../arm-none-eabi/bin/ld.exe: cannot open linker script file \NAS01.ITAP.PURDUE.EDU\puhome\My Documents\477\ECE477 fr\ECE477\Software\Main Micro Code\STM32F091RCTX_FLASH.ld: No such file or directory
collect2.exe: error: ld returned 1 exit status
make: *** [makefile:67: MainMicro.elf] Error 1
"make -j8 all" terminated with exit code 2. Build might be incomplete.
15:10:22 **** Incremental Build of configuration Debug for project MainMicro ****
make -j8 all 
arm-none-eabi-gcc -o "MainMicro.elf" @"objects.list"   -mcpu=cortex-m0 -T"\\NAS01.ITAP.PURDUE.EDU\puhome\My Documents\477\ECE477 fr\ECE477\Software\Main Micro Code\STM32F091RCTX_FLASH.ld" --specs=nosys.specs -Wl,-Map="MainMicro.map" -Wl,--gc-sections -static --specs=nano.specs -mfloat-abi=soft -mthumb -Wl,--start-group -lc -lm -Wl,--end-group
C:/ST/STM32CubeIDE_1.13.1/STM32CubeIDE/plugins/com.st.stm32cube.ide.mcu.externaltools.gnu-tools-for-stm32.11.3.rel1.win32_1.1.0.202305231506/tools/bin/../lib/gcc/arm-none-eabi/11.3.1/../../../../arm-none-eabi/bin/ld.exe: cannot open linker script file \NAS01.ITAP.PURDUE.EDU\puhome\My Documents\477\ECE477 fr\ECE477\Software\Main Micro Code\STM32F091RCTX_FLASH.ld: No such file or directory
collect2.exe: error: ld returned 1 exit status
make: *** [makefile:67: MainMicro.elf] Error 1
"make -j8 all" terminated with exit code 2. Build might be incomplete.
12:58:32 **** Clean-only build of configuration Debug for project 7seg ****
make -j8 clean 
rm -rf ./Drivers/STM32F0xx_HAL_Driver/Src/stm32f0xx_hal.cyclo ./Drivers/STM32F0xx_HAL_Driver/Src/stm32f0xx_hal.d ./Drivers/STM32F0xx_HAL_Driver/Src/stm32f0xx_hal.o ./Drivers/STM32F0xx_HAL_Driver/Src/stm32f0xx_hal.su ./Drivers/STM32F0xx_HAL_Driver/Src/stm32f0xx_hal_cortex.cyclo ./Drivers/STM32F0xx_HAL_Driver/Src/stm32f0xx_hal_cortex.d ./Drivers/STM32F0xx_HAL_Driver/Src/stm32f0xx_hal_cortex.o ./Drivers/STM32F0xx_HAL_Driver/Src/stm32f0xx_hal_cortex.su ./Drivers/STM32F0xx_HAL_Driver/Src/stm32f0xx_hal_dma.cyclo ./Drivers/STM32F0xx_HAL_Driver/Src/stm32f0xx_hal_dma.d ./Drivers/STM32F0xx_HAL_Driver/Src/stm32f0xx_hal_dma.o ./Drivers/STM32F0xx_HAL_Driver/Src/stm32f0xx_hal_dma.su ./Drivers/STM32F0xx_HAL_Driver/Src/stm32f0xx_hal_exti.cyclo ./Drivers/STM32F0xx_HAL_Driver/Src/stm32f0xx_hal_exti.d ./Drivers/STM32F0xx_HAL_Driver/Src/stm32f0xx_hal_exti.o ./Drivers/STM32F0xx_HAL_Driver/Src/stm32f0xx_hal_exti.su ./Drivers/STM32F0xx_HAL_Driver/Src/stm32f0xx_hal_flash.cyclo ./Drivers/STM32F0xx_HAL_Driver/Src/stm32f0xx_hal_flash.d ./Drivers/STM32F0xx_HAL_Driver/Src/stm32f0xx_hal_flash.o ./Drivers/STM32F0xx_HAL_Driver/Src/stm32f0xx_hal_flash.su ./Drivers/STM32F0xx_HAL_Driver/Src/stm32f0xx_hal_flash_ex.cyclo ./Drivers/STM32F0xx_HAL_Driver/Src/stm32f0xx_hal_flash_ex.d ./Drivers/STM32F0xx_HAL_Driver/Src/stm32f0xx_hal_flash_ex.o ./Drivers/STM32F0xx_HAL_Driver/Src/stm32f0xx_hal_flash_ex.su ./Drivers/STM32F0xx_HAL_Driver/Src/stm32f0xx_hal_gpio.cyclo ./Drivers/STM32F0xx_HAL_Driver/Src/stm32f0xx_hal_gpio.d ./Drivers/STM32F0xx_HAL_Driver/Src/stm32f0xx_hal_gpio.o ./Drivers/STM32F0xx_HAL_Driver/Src/stm32f0xx_hal_gpio.su ./Drivers/STM32F0xx_HAL_Driver/Src/stm32f0xx_hal_i2c.cyclo ./Drivers/STM32F0xx_HAL_Driver/Src/stm32f0xx_hal_i2c.d ./Drivers/STM32F0xx_HAL_Driver/Src/stm32f0xx_hal_i2c.o ./Drivers/STM32F0xx_HAL_Driver/Src/stm32f0xx_hal_i2c.su ./Drivers/STM32F0xx_HAL_Driver/Src/stm32f0xx_hal_i2c_ex.cyclo ./Drivers/STM32F0xx_HAL_Driver/Src/stm32f0xx_hal_i2c_ex.d ./Drivers/STM32F0xx_HAL_Driver/Src/stm32f0xx_hal_i2c_ex.o ./Drivers/STM32F0xx_HAL_Driver/Src/stm32f0xx_hal_i2c_ex.su ./Drivers/STM32F0xx_HAL_Driver/Src/stm32f0xx_hal_pwr.cyclo ./Drivers/STM32F0xx_HAL_Driver/Src/stm32f0xx_hal_pwr.d ./Drivers/STM32F0xx_HAL_Driver/Src/stm32f0xx_hal_pwr.o ./Drivers/STM32F0xx_HAL_Driver/Src/stm32f0xx_hal_pwr.su ./Drivers/STM32F0xx_HAL_Driver/Src/stm32f0xx_hal_pwr_ex.cyclo ./Drivers/STM32F0xx_HAL_Driver/Src/stm32f0xx_hal_pwr_ex.d ./Drivers/STM32F0xx_HAL_Driver/Src/stm32f0xx_hal_pwr_ex.o ./Drivers/STM32F0xx_HAL_Driver/Src/stm32f0xx_hal_pwr_ex.su ./Drivers/STM32F0xx_HAL_Driver/Src/stm32f0xx_hal_rcc.cyclo ./Drivers/STM32F0xx_HAL_Driver/Src/stm32f0xx_hal_rcc.d ./Drivers/STM32F0xx_HAL_Driver/Src/stm32f0xx_hal_rcc.o ./Drivers/STM32F0xx_HAL_Driver/Src/stm32f0xx_hal_rcc.su ./Drivers/STM32F0xx_HAL_Driver/Src/stm32f0xx_hal_rcc_ex.cyclo ./Drivers/STM32F0xx_HAL_Driver/Src/stm32f0xx_hal_rcc_ex.d ./Drivers/STM32F0xx_HAL_Driver/Src/stm32f0xx_hal_rcc_ex.o ./Drivers/STM32F0xx_HAL_Driver/Src/stm32f0xx_hal_rcc_ex.su ./Drivers/STM32F0xx_HAL_Driver/Src/stm32f0xx_hal_spi.cyclo ./Drivers/STM32F0xx_HAL_Driver/Src/stm32f0xx_hal_spi.d ./Drivers/STM32F0xx_HAL_Driver/Src/stm32f0xx_hal_spi.o ./Drivers/STM32F0xx_HAL_Driver/Src/stm32f0xx_hal_spi.su ./Drivers/STM32F0xx_HAL_Driver/Src/stm32f0xx_hal_spi_ex.cyclo ./Drivers/STM32F0xx_HAL_Driver/Src/stm32f0xx_hal_spi_ex.d ./Drivers/STM32F0xx_HAL_Driver/Src/stm32f0xx_hal_spi_ex.o ./Drivers/STM32F0xx_HAL_Driver/Src/stm32f0xx_hal_spi_ex.su ./Drivers/STM32F0xx_HAL_Driver/Src/stm32f0xx_hal_tim.cyclo ./Drivers/STM32F0xx_HAL_Driver/Src/stm32f0xx_hal_tim.d ./Drivers/STM32F0xx_HAL_Driver/Src/stm32f0xx_hal_tim.o ./Drivers/STM32F0xx_HAL_Driver/Src/stm32f0xx_hal_tim.su ./Drivers/STM32F0xx_HAL_Driver/Src/stm32f0xx_hal_tim_ex.cyclo ./Drivers/STM32F0xx_HAL_Driver/Src/stm32f0xx_hal_tim_ex.d ./Drivers/STM32F0xx_HAL_Driver/Src/stm32f0xx_hal_tim_ex.o ./Drivers/STM32F0xx_HAL_Driver/Src/stm32f0xx_hal_tim_ex.su ./Drivers/STM32F0xx_HAL_Driver/Src/stm32f0xx_hal_uart.cyclo ./Drivers/STM32F0xx_HAL_Driver/Src/stm32f0xx_hal_uart.d ./Drivers/STM32F0xx_HAL_Driver/Src/stm32f0xx_hal_uart.o ./Drivers/STM32F0xx_HAL_Driver/Src/stm32f0xx_hal_uart.su ./Drivers/STM32F0xx_HAL_Driver/Src/stm32f0xx_hal_uart_ex.cyclo ./Drivers/STM32F0xx_HAL_Driver/Src/stm32f0xx_hal_uart_ex.d ./Drivers/STM32F0xx_HAL_Driver/Src/stm32f0xx_hal_uart_ex.o ./Drivers/STM32F0xx_HAL_Driver/Src/stm32f0xx_hal_uart_ex.su
rm -rf ./Core/Startup/startup_stm32f091rctx.d ./Core/Startup/startup_stm32f091rctx.o
rm -rf ./Core/Src/main.cyclo ./Core/Src/main.d ./Core/Src/main.o ./Core/Src/main.su ./Core/Src/stm32f0xx_hal_msp.cyclo ./Core/Src/stm32f0xx_hal_msp.d ./Core/Src/stm32f0xx_hal_msp.o ./Core/Src/stm32f0xx_hal_msp.su ./Core/Src/stm32f0xx_it.cyclo ./Core/Src/stm32f0xx_it.d ./Core/Src/stm32f0xx_it.o ./Core/Src/stm32f0xx_it.su ./Core/Src/syscalls.cyclo ./Core/Src/syscalls.d ./Core/Src/syscalls.o ./Core/Src/syscalls.su ./Core/Src/sysmem.cyclo ./Core/Src/sysmem.d ./Core/Src/sysmem.o ./Core/Src/sysmem.su ./Core/Src/system_stm32f0xx.cyclo ./Core/Src/system_stm32f0xx.d ./Core/Src/system_stm32f0xx.o ./Core/Src/system_stm32f0xx.su
rm -rf 7seg.elf 7seg.list 7seg.map default.size.stdout
 
12:58:33 **** Build of configuration Debug for project 7seg ****
make -j8 all 
arm-none-eabi-gcc "../Drivers/STM32F0xx_HAL_Driver/Src/stm32f0xx_hal.c" -mcpu=cortex-m0 -std=gnu11 -g3 -DDEBUG -DUSE_HAL_DRIVER -DSTM32F091xC -c -I../Core/Inc -I../Drivers/STM32F0xx_HAL_Driver/Inc -I../Drivers/STM32F0xx_HAL_Driver/Inc/Legacy -I../Drivers/CMSIS/Device/ST/STM32F0xx/Include -I../Drivers/CMSIS/Include -O0 -ffunction-sections -fdata-sections -Wall -fstack-usage -fcyclomatic-complexity -MMD -MP -MF"Drivers/STM32F0xx_HAL_Driver/Src/stm32f0xx_hal.d" -MT"Drivers/STM32F0xx_HAL_Driver/Src/stm32f0xx_hal.o" --specs=nano.specs -mfloat-abi=soft -mthumb -o "Drivers/STM32F0xx_HAL_Driver/Src/stm32f0xx_hal.o"
arm-none-eabi-gcc "../Drivers/STM32F0xx_HAL_Driver/Src/stm32f0xx_hal_cortex.c" -mcpu=cortex-m0 -std=gnu11 -g3 -DDEBUG -DUSE_HAL_DRIVER -DSTM32F091xC -c -I../Core/Inc -I../Drivers/STM32F0xx_HAL_Driver/Inc -I../Drivers/STM32F0xx_HAL_Driver/Inc/Legacy -I../Drivers/CMSIS/Device/ST/STM32F0xx/Include -I../Drivers/CMSIS/Include -O0 -ffunction-sections -fdata-sections -Wall -fstack-usage -fcyclomatic-complexity -MMD -MP -MF"Drivers/STM32F0xx_HAL_Driver/Src/stm32f0xx_hal_cortex.d" -MT"Drivers/STM32F0xx_HAL_Driver/Src/stm32f0xx_hal_cortex.o" --specs=nano.specs -mfloat-abi=soft -mthumb -o "Drivers/STM32F0xx_HAL_Driver/Src/stm32f0xx_hal_cortex.o"
arm-none-eabi-gcc "../Drivers/STM32F0xx_HAL_Driver/Src/stm32f0xx_hal_dma.c" -mcpu=cortex-m0 -std=gnu11 -g3 -DDEBUG -DUSE_HAL_DRIVER -DSTM32F091xC -c -I../Core/Inc -I../Drivers/STM32F0xx_HAL_Driver/Inc -I../Drivers/STM32F0xx_HAL_Driver/Inc/Legacy -I../Drivers/CMSIS/Device/ST/STM32F0xx/Include -I../Drivers/CMSIS/Include -O0 -ffunction-sections -fdata-sections -Wall -fstack-usage -fcyclomatic-complexity -MMD -MP -MF"Drivers/STM32F0xx_HAL_Driver/Src/stm32f0xx_hal_dma.d" -MT"Drivers/STM32F0xx_HAL_Driver/Src/stm32f0xx_hal_dma.o" --specs=nano.specs -mfloat-abi=soft -mthumb -o "Drivers/STM32F0xx_HAL_Driver/Src/stm32f0xx_hal_dma.o"
arm-none-eabi-gcc "../Drivers/STM32F0xx_HAL_Driver/Src/stm32f0xx_hal_exti.c" -mcpu=cortex-m0 -std=gnu11 -g3 -DDEBUG -DUSE_HAL_DRIVER -DSTM32F091xC -c -I../Core/Inc -I../Drivers/STM32F0xx_HAL_Driver/Inc -I../Drivers/STM32F0xx_HAL_Driver/Inc/Legacy -I../Drivers/CMSIS/Device/ST/STM32F0xx/Include -I../Drivers/CMSIS/Include -O0 -ffunction-sections -fdata-sections -Wall -fstack-usage -fcyclomatic-complexity -MMD -MP -MF"Drivers/STM32F0xx_HAL_Driver/Src/stm32f0xx_hal_exti.d" -MT"Drivers/STM32F0xx_HAL_Driver/Src/stm32f0xx_hal_exti.o" --specs=nano.specs -mfloat-abi=soft -mthumb -o "Drivers/STM32F0xx_HAL_Driver/Src/stm32f0xx_hal_exti.o"
arm-none-eabi-gcc "../Drivers/STM32F0xx_HAL_Driver/Src/stm32f0xx_hal_flash.c" -mcpu=cortex-m0 -std=gnu11 -g3 -DDEBUG -DUSE_HAL_DRIVER -DSTM32F091xC -c -I../Core/Inc -I../Drivers/STM32F0xx_HAL_Driver/Inc -I../Drivers/STM32F0xx_HAL_Driver/Inc/Legacy -I../Drivers/CMSIS/Device/ST/STM32F0xx/Include -I../Drivers/CMSIS/Include -O0 -ffunction-sections -fdata-sections -Wall -fstack-usage -fcyclomatic-complexity -MMD -MP -MF"Drivers/STM32F0xx_HAL_Driver/Src/stm32f0xx_hal_flash.d" -MT"Drivers/STM32F0xx_HAL_Driver/Src/stm32f0xx_hal_flash.o" --specs=nano.specs -mfloat-abi=soft -mthumb -o "Drivers/STM32F0xx_HAL_Driver/Src/stm32f0xx_hal_flash.o"
arm-none-eabi-gcc "../Drivers/STM32F0xx_HAL_Driver/Src/stm32f0xx_hal_flash_ex.c" -mcpu=cortex-m0 -std=gnu11 -g3 -DDEBUG -DUSE_HAL_DRIVER -DSTM32F091xC -c -I../Core/Inc -I../Drivers/STM32F0xx_HAL_Driver/Inc -I../Drivers/STM32F0xx_HAL_Driver/Inc/Legacy -I../Drivers/CMSIS/Device/ST/STM32F0xx/Include -I../Drivers/CMSIS/Include -O0 -ffunction-sections -fdata-sections -Wall -fstack-usage -fcyclomatic-complexity -MMD -MP -MF"Drivers/STM32F0xx_HAL_Driver/Src/stm32f0xx_hal_flash_ex.d" -MT"Drivers/STM32F0xx_HAL_Driver/Src/stm32f0xx_hal_flash_ex.o" --specs=nano.specs -mfloat-abi=soft -mthumb -o "Drivers/STM32F0xx_HAL_Driver/Src/stm32f0xx_hal_flash_ex.o"
arm-none-eabi-gcc "../Drivers/STM32F0xx_HAL_Driver/Src/stm32f0xx_hal_gpio.c" -mcpu=cortex-m0 -std=gnu11 -g3 -DDEBUG -DUSE_HAL_DRIVER -DSTM32F091xC -c -I../Core/Inc -I../Drivers/STM32F0xx_HAL_Driver/Inc -I../Drivers/STM32F0xx_HAL_Driver/Inc/Legacy -I../Drivers/CMSIS/Device/ST/STM32F0xx/Include -I../Drivers/CMSIS/Include -O0 -ffunction-sections -fdata-sections -Wall -fstack-usage -fcyclomatic-complexity -MMD -MP -MF"Drivers/STM32F0xx_HAL_Driver/Src/stm32f0xx_hal_gpio.d" -MT"Drivers/STM32F0xx_HAL_Driver/Src/stm32f0xx_hal_gpio.o" --specs=nano.specs -mfloat-abi=soft -mthumb -o "Drivers/STM32F0xx_HAL_Driver/Src/stm32f0xx_hal_gpio.o"
arm-none-eabi-gcc "../Drivers/STM32F0xx_HAL_Driver/Src/stm32f0xx_hal_i2c.c" -mcpu=cortex-m0 -std=gnu11 -g3 -DDEBUG -DUSE_HAL_DRIVER -DSTM32F091xC -c -I../Core/Inc -I../Drivers/STM32F0xx_HAL_Driver/Inc -I../Drivers/STM32F0xx_HAL_Driver/Inc/Legacy -I../Drivers/CMSIS/Device/ST/STM32F0xx/Include -I../Drivers/CMSIS/Include -O0 -ffunction-sections -fdata-sections -Wall -fstack-usage -fcyclomatic-complexity -MMD -MP -MF"Drivers/STM32F0xx_HAL_Driver/Src/stm32f0xx_hal_i2c.d" -MT"Drivers/STM32F0xx_HAL_Driver/Src/stm32f0xx_hal_i2c.o" --specs=nano.specs -mfloat-abi=soft -mthumb -o "Drivers/STM32F0xx_HAL_Driver/Src/stm32f0xx_hal_i2c.o"
arm-none-eabi-gcc "../Drivers/STM32F0xx_HAL_Driver/Src/stm32f0xx_hal_i2c_ex.c" -mcpu=cortex-m0 -std=gnu11 -g3 -DDEBUG -DUSE_HAL_DRIVER -DSTM32F091xC -c -I../Core/Inc -I../Drivers/STM32F0xx_HAL_Driver/Inc -I../Drivers/STM32F0xx_HAL_Driver/Inc/Legacy -I../Drivers/CMSIS/Device/ST/STM32F0xx/Include -I../Drivers/CMSIS/Include -O0 -ffunction-sections -fdata-sections -Wall -fstack-usage -fcyclomatic-complexity -MMD -MP -MF"Drivers/STM32F0xx_HAL_Driver/Src/stm32f0xx_hal_i2c_ex.d" -MT"Drivers/STM32F0xx_HAL_Driver/Src/stm32f0xx_hal_i2c_ex.o" --specs=nano.specs -mfloat-abi=soft -mthumb -o "Drivers/STM32F0xx_HAL_Driver/Src/stm32f0xx_hal_i2c_ex.o"
arm-none-eabi-gcc "../Drivers/STM32F0xx_HAL_Driver/Src/stm32f0xx_hal_pwr.c" -mcpu=cortex-m0 -std=gnu11 -g3 -DDEBUG -DUSE_HAL_DRIVER -DSTM32F091xC -c -I../Core/Inc -I../Drivers/STM32F0xx_HAL_Driver/Inc -I../Drivers/STM32F0xx_HAL_Driver/Inc/Legacy -I../Drivers/CMSIS/Device/ST/STM32F0xx/Include -I../Drivers/CMSIS/Include -O0 -ffunction-sections -fdata-sections -Wall -fstack-usage -fcyclomatic-complexity -MMD -MP -MF"Drivers/STM32F0xx_HAL_Driver/Src/stm32f0xx_hal_pwr.d" -MT"Drivers/STM32F0xx_HAL_Driver/Src/stm32f0xx_hal_pwr.o" --specs=nano.specs -mfloat-abi=soft -mthumb -o "Drivers/STM32F0xx_HAL_Driver/Src/stm32f0xx_hal_pwr.o"
arm-none-eabi-gcc "../Drivers/STM32F0xx_HAL_Driver/Src/stm32f0xx_hal_pwr_ex.c" -mcpu=cortex-m0 -std=gnu11 -g3 -DDEBUG -DUSE_HAL_DRIVER -DSTM32F091xC -c -I../Core/Inc -I../Drivers/STM32F0xx_HAL_Driver/Inc -I../Drivers/STM32F0xx_HAL_Driver/Inc/Legacy -I../Drivers/CMSIS/Device/ST/STM32F0xx/Include -I../Drivers/CMSIS/Include -O0 -ffunction-sections -fdata-sections -Wall -fstack-usage -fcyclomatic-complexity -MMD -MP -MF"Drivers/STM32F0xx_HAL_Driver/Src/stm32f0xx_hal_pwr_ex.d" -MT"Drivers/STM32F0xx_HAL_Driver/Src/stm32f0xx_hal_pwr_ex.o" --specs=nano.specs -mfloat-abi=soft -mthumb -o "Drivers/STM32F0xx_HAL_Driver/Src/stm32f0xx_hal_pwr_ex.o"
arm-none-eabi-gcc "../Drivers/STM32F0xx_HAL_Driver/Src/stm32f0xx_hal_rcc.c" -mcpu=cortex-m0 -std=gnu11 -g3 -DDEBUG -DUSE_HAL_DRIVER -DSTM32F091xC -c -I../Core/Inc -I../Drivers/STM32F0xx_HAL_Driver/Inc -I../Drivers/STM32F0xx_HAL_Driver/Inc/Legacy -I../Drivers/CMSIS/Device/ST/STM32F0xx/Include -I../Drivers/CMSIS/Include -O0 -ffunction-sections -fdata-sections -Wall -fstack-usage -fcyclomatic-complexity -MMD -MP -MF"Drivers/STM32F0xx_HAL_Driver/Src/stm32f0xx_hal_rcc.d" -MT"Drivers/STM32F0xx_HAL_Driver/Src/stm32f0xx_hal_rcc.o" --specs=nano.specs -mfloat-abi=soft -mthumb -o "Drivers/STM32F0xx_HAL_Driver/Src/stm32f0xx_hal_rcc.o"
arm-none-eabi-gcc "../Drivers/STM32F0xx_HAL_Driver/Src/stm32f0xx_hal_rcc_ex.c" -mcpu=cortex-m0 -std=gnu11 -g3 -DDEBUG -DUSE_HAL_DRIVER -DSTM32F091xC -c -I../Core/Inc -I../Drivers/STM32F0xx_HAL_Driver/Inc -I../Drivers/STM32F0xx_HAL_Driver/Inc/Legacy -I../Drivers/CMSIS/Device/ST/STM32F0xx/Include -I../Drivers/CMSIS/Include -O0 -ffunction-sections -fdata-sections -Wall -fstack-usage -fcyclomatic-complexity -MMD -MP -MF"Drivers/STM32F0xx_HAL_Driver/Src/stm32f0xx_hal_rcc_ex.d" -MT"Drivers/STM32F0xx_HAL_Driver/Src/stm32f0xx_hal_rcc_ex.o" --specs=nano.specs -mfloat-abi=soft -mthumb -o "Drivers/STM32F0xx_HAL_Driver/Src/stm32f0xx_hal_rcc_ex.o"
arm-none-eabi-gcc "../Drivers/STM32F0xx_HAL_Driver/Src/stm32f0xx_hal_spi.c" -mcpu=cortex-m0 -std=gnu11 -g3 -DDEBUG -DUSE_HAL_DRIVER -DSTM32F091xC -c -I../Core/Inc -I../Drivers/STM32F0xx_HAL_Driver/Inc -I../Drivers/STM32F0xx_HAL_Driver/Inc/Legacy -I../Drivers/CMSIS/Device/ST/STM32F0xx/Include -I../Drivers/CMSIS/Include -O0 -ffunction-sections -fdata-sections -Wall -fstack-usage -fcyclomatic-complexity -MMD -MP -MF"Drivers/STM32F0xx_HAL_Driver/Src/stm32f0xx_hal_spi.d" -MT"Drivers/STM32F0xx_HAL_Driver/Src/stm32f0xx_hal_spi.o" --specs=nano.specs -mfloat-abi=soft -mthumb -o "Drivers/STM32F0xx_HAL_Driver/Src/stm32f0xx_hal_spi.o"
arm-none-eabi-gcc "../Drivers/STM32F0xx_HAL_Driver/Src/stm32f0xx_hal_spi_ex.c" -mcpu=cortex-m0 -std=gnu11 -g3 -DDEBUG -DUSE_HAL_DRIVER -DSTM32F091xC -c -I../Core/Inc -I../Drivers/STM32F0xx_HAL_Driver/Inc -I../Drivers/STM32F0xx_HAL_Driver/Inc/Legacy -I../Drivers/CMSIS/Device/ST/STM32F0xx/Include -I../Drivers/CMSIS/Include -O0 -ffunction-sections -fdata-sections -Wall -fstack-usage -fcyclomatic-complexity -MMD -MP -MF"Drivers/STM32F0xx_HAL_Driver/Src/stm32f0xx_hal_spi_ex.d" -MT"Drivers/STM32F0xx_HAL_Driver/Src/stm32f0xx_hal_spi_ex.o" --specs=nano.specs -mfloat-abi=soft -mthumb -o "Drivers/STM32F0xx_HAL_Driver/Src/stm32f0xx_hal_spi_ex.o"
arm-none-eabi-gcc "../Drivers/STM32F0xx_HAL_Driver/Src/stm32f0xx_hal_tim.c" -mcpu=cortex-m0 -std=gnu11 -g3 -DDEBUG -DUSE_HAL_DRIVER -DSTM32F091xC -c -I../Core/Inc -I../Drivers/STM32F0xx_HAL_Driver/Inc -I../Drivers/STM32F0xx_HAL_Driver/Inc/Legacy -I../Drivers/CMSIS/Device/ST/STM32F0xx/Include -I../Drivers/CMSIS/Include -O0 -ffunction-sections -fdata-sections -Wall -fstack-usage -fcyclomatic-complexity -MMD -MP -MF"Drivers/STM32F0xx_HAL_Driver/Src/stm32f0xx_hal_tim.d" -MT"Drivers/STM32F0xx_HAL_Driver/Src/stm32f0xx_hal_tim.o" --specs=nano.specs -mfloat-abi=soft -mthumb -o "Drivers/STM32F0xx_HAL_Driver/Src/stm32f0xx_hal_tim.o"
arm-none-eabi-gcc "../Drivers/STM32F0xx_HAL_Driver/Src/stm32f0xx_hal_tim_ex.c" -mcpu=cortex-m0 -std=gnu11 -g3 -DDEBUG -DUSE_HAL_DRIVER -DSTM32F091xC -c -I../Core/Inc -I../Drivers/STM32F0xx_HAL_Driver/Inc -I../Drivers/STM32F0xx_HAL_Driver/Inc/Legacy -I../Drivers/CMSIS/Device/ST/STM32F0xx/Include -I../Drivers/CMSIS/Include -O0 -ffunction-sections -fdata-sections -Wall -fstack-usage -fcyclomatic-complexity -MMD -MP -MF"Drivers/STM32F0xx_HAL_Driver/Src/stm32f0xx_hal_tim_ex.d" -MT"Drivers/STM32F0xx_HAL_Driver/Src/stm32f0xx_hal_tim_ex.o" --specs=nano.specs -mfloat-abi=soft -mthumb -o "Drivers/STM32F0xx_HAL_Driver/Src/stm32f0xx_hal_tim_ex.o"
arm-none-eabi-gcc "../Drivers/STM32F0xx_HAL_Driver/Src/stm32f0xx_hal_uart.c" -mcpu=cortex-m0 -std=gnu11 -g3 -DDEBUG -DUSE_HAL_DRIVER -DSTM32F091xC -c -I../Core/Inc -I../Drivers/STM32F0xx_HAL_Driver/Inc -I../Drivers/STM32F0xx_HAL_Driver/Inc/Legacy -I../Drivers/CMSIS/Device/ST/STM32F0xx/Include -I../Drivers/CMSIS/Include -O0 -ffunction-sections -fdata-sections -Wall -fstack-usage -fcyclomatic-complexity -MMD -MP -MF"Drivers/STM32F0xx_HAL_Driver/Src/stm32f0xx_hal_uart.d" -MT"Drivers/STM32F0xx_HAL_Driver/Src/stm32f0xx_hal_uart.o" --specs=nano.specs -mfloat-abi=soft -mthumb -o "Drivers/STM32F0xx_HAL_Driver/Src/stm32f0xx_hal_uart.o"
arm-none-eabi-gcc "../Drivers/STM32F0xx_HAL_Driver/Src/stm32f0xx_hal_uart_ex.c" -mcpu=cortex-m0 -std=gnu11 -g3 -DDEBUG -DUSE_HAL_DRIVER -DSTM32F091xC -c -I../Core/Inc -I../Drivers/STM32F0xx_HAL_Driver/Inc -I../Drivers/STM32F0xx_HAL_Driver/Inc/Legacy -I../Drivers/CMSIS/Device/ST/STM32F0xx/Include -I../Drivers/CMSIS/Include -O0 -ffunction-sections -fdata-sections -Wall -fstack-usage -fcyclomatic-complexity -MMD -MP -MF"Drivers/STM32F0xx_HAL_Driver/Src/stm32f0xx_hal_uart_ex.d" -MT"Drivers/STM32F0xx_HAL_Driver/Src/stm32f0xx_hal_uart_ex.o" --specs=nano.specs -mfloat-abi=soft -mthumb -o "Drivers/STM32F0xx_HAL_Driver/Src/stm32f0xx_hal_uart_ex.o"
arm-none-eabi-gcc -mcpu=cortex-m0 -g3 -DDEBUG -c -x assembler-with-cpp -MMD -MP -MF"Core/Startup/startup_stm32f091rctx.d" -MT"Core/Startup/startup_stm32f091rctx.o" --specs=nano.specs -mfloat-abi=soft -mthumb -o "Core/Startup/startup_stm32f091rctx.o" "../Core/Startup/startup_stm32f091rctx.s"
arm-none-eabi-gcc "../Core/Src/main.c" -mcpu=cortex-m0 -std=gnu11 -g3 -DDEBUG -DUSE_HAL_DRIVER -DSTM32F091xC -c -I../Core/Inc -I../Drivers/STM32F0xx_HAL_Driver/Inc -I../Drivers/STM32F0xx_HAL_Driver/Inc/Legacy -I../Drivers/CMSIS/Device/ST/STM32F0xx/Include -I../Drivers/CMSIS/Include -O0 -ffunction-sections -fdata-sections -Wall -fstack-usage -fcyclomatic-complexity -MMD -MP -MF"Core/Src/main.d" -MT"Core/Src/main.o" --specs=nano.specs -mfloat-abi=soft -mthumb -o "Core/Src/main.o"
arm-none-eabi-gcc "../Core/Src/stm32f0xx_hal_msp.c" -mcpu=cortex-m0 -std=gnu11 -g3 -DDEBUG -DUSE_HAL_DRIVER -DSTM32F091xC -c -I../Core/Inc -I../Drivers/STM32F0xx_HAL_Driver/Inc -I../Drivers/STM32F0xx_HAL_Driver/Inc/Legacy -I../Drivers/CMSIS/Device/ST/STM32F0xx/Include -I../Drivers/CMSIS/Include -O0 -ffunction-sections -fdata-sections -Wall -fstack-usage -fcyclomatic-complexity -MMD -MP -MF"Core/Src/stm32f0xx_hal_msp.d" -MT"Core/Src/stm32f0xx_hal_msp.o" --specs=nano.specs -mfloat-abi=soft -mthumb -o "Core/Src/stm32f0xx_hal_msp.o"
../Core/Src/main.c: In function 'MX_TIM1_Init':
../Core/Src/main.c:237:3: warning: implicit declaration of function 'HAL_TIM_MspPostInit'; did you mean 'HAL_TIM_IC_MspInit'? [-Wimplicit-function-declaration]
  237 |   HAL_TIM_MspPostInit(&htim1);
      |   ^~~~~~~~~~~~~~~~~~~
      |   HAL_TIM_IC_MspInit
../Core/Src/main.c: In function 'MX_GPIO_Init':
../Core/Src/main.c:355:28: error: 'Test_Pin1_Pin' undeclared (first use in this function)
  355 |   HAL_GPIO_WritePin(GPIOA, Test_Pin1_Pin|Test_Pin2_Pin|DIR_A_Pin|DIR_B_Pin, GPIO_PIN_RESET);
      |                            ^~~~~~~~~~~~~
../Core/Src/main.c:355:28: note: each undeclared identifier is reported only once for each function it appears in
arm-none-eabi-gcc "../Core/Src/stm32f0xx_it.c" -mcpu=cortex-m0 -std=gnu11 -g3 -DDEBUG -DUSE_HAL_DRIVER -DSTM32F091xC -c -I../Core/Inc -I../Drivers/STM32F0xx_HAL_Driver/Inc -I../Drivers/STM32F0xx_HAL_Driver/Inc/Legacy -I../Drivers/CMSIS/Device/ST/STM32F0xx/Include -I../Drivers/CMSIS/Include -O0 -ffunction-sections -fdata-sections -Wall -fstack-usage -fcyclomatic-complexity -MMD -MP -MF"Core/Src/stm32f0xx_it.d" -MT"Core/Src/stm32f0xx_it.o" --specs=nano.specs -mfloat-abi=soft -mthumb -o "Core/Src/stm32f0xx_it.o"
arm-none-eabi-gcc "../Core/Src/syscalls.c" -mcpu=cortex-m0 -std=gnu11 -g3 -DDEBUG -DUSE_HAL_DRIVER -DSTM32F091xC -c -I../Core/Inc -I../Drivers/STM32F0xx_HAL_Driver/Inc -I../Drivers/STM32F0xx_HAL_Driver/Inc/Legacy -I../Drivers/CMSIS/Device/ST/STM32F0xx/Include -I../Drivers/CMSIS/Include -O0 -ffunction-sections -fdata-sections -Wall -fstack-usage -fcyclomatic-complexity -MMD -MP -MF"Core/Src/syscalls.d" -MT"Core/Src/syscalls.o" --specs=nano.specs -mfloat-abi=soft -mthumb -o "Core/Src/syscalls.o"
../Core/Src/main.c:355:42: error: 'Test_Pin2_Pin' undeclared (first use in this function)
  355 |   HAL_GPIO_WritePin(GPIOA, Test_Pin1_Pin|Test_Pin2_Pin|DIR_A_Pin|DIR_B_Pin, GPIO_PIN_RESET);
      |                                          ^~~~~~~~~~~~~
../Core/Src/main.c:355:56: error: 'DIR_A_Pin' undeclared (first use in this function)
  355 |   HAL_GPIO_WritePin(GPIOA, Test_Pin1_Pin|Test_Pin2_Pin|DIR_A_Pin|DIR_B_Pin, GPIO_PIN_RESET);
      |                                                        ^~~~~~~~~
../Core/Src/main.c:355:66: error: 'DIR_B_Pin' undeclared (first use in this function)
  355 |   HAL_GPIO_WritePin(GPIOA, Test_Pin1_Pin|Test_Pin2_Pin|DIR_A_Pin|DIR_B_Pin, GPIO_PIN_RESET);
      |                                                                  ^~~~~~~~~
../Core/Src/main.c:358:28: error: 'Test_Pin3_Pin' undeclared (first use in this function)
  358 |   HAL_GPIO_WritePin(GPIOC, Test_Pin3_Pin|Test_Pin4_Pin, GPIO_PIN_RESET);
      |                            ^~~~~~~~~~~~~
../Core/Src/main.c:358:42: error: 'Test_Pin4_Pin' undeclared (first use in this function)
  358 |   HAL_GPIO_WritePin(GPIOC, Test_Pin3_Pin|Test_Pin4_Pin, GPIO_PIN_RESET);
      |                                          ^~~~~~~~~~~~~
../Core/Src/main.c:361:28: error: 'Test_Pin5_Pin' undeclared (first use in this function)
  361 |   HAL_GPIO_WritePin(GPIOB, Test_Pin5_Pin|Test_Pin6_Pin|Test_Pin7_Pin|Test_Pin8_Pin
      |                            ^~~~~~~~~~~~~
../Core/Src/main.c:361:42: error: 'Test_Pin6_Pin' undeclared (first use in this function)
  361 |   HAL_GPIO_WritePin(GPIOB, Test_Pin5_Pin|Test_Pin6_Pin|Test_Pin7_Pin|Test_Pin8_Pin
      |                                          ^~~~~~~~~~~~~
../Core/Src/main.c:361:56: error: 'Test_Pin7_Pin' undeclared (first use in this function)
  361 |   HAL_GPIO_WritePin(GPIOB, Test_Pin5_Pin|Test_Pin6_Pin|Test_Pin7_Pin|Test_Pin8_Pin
      |                                                        ^~~~~~~~~~~~~
../Core/Src/main.c:361:70: error: 'Test_Pin8_Pin' undeclared (first use in this function)
  361 |   HAL_GPIO_WritePin(GPIOB, Test_Pin5_Pin|Test_Pin6_Pin|Test_Pin7_Pin|Test_Pin8_Pin
      |                                                                      ^~~~~~~~~~~~~
../Core/Src/main.c:362:28: error: 'Test_Pin9_Pin' undeclared (first use in this function)
  362 |                           |Test_Pin9_Pin|DIR_IC_Pin|EN_A_Pin|EN_B_Pin
      |                            ^~~~~~~~~~~~~
../Core/Src/main.c:362:42: error: 'DIR_IC_Pin' undeclared (first use in this function)
  362 |                           |Test_Pin9_Pin|DIR_IC_Pin|EN_A_Pin|EN_B_Pin
      |                                          ^~~~~~~~~~
../Core/Src/main.c:362:53: error: 'EN_A_Pin' undeclared (first use in this function)
  362 |                           |Test_Pin9_Pin|DIR_IC_Pin|EN_A_Pin|EN_B_Pin
      |                                                     ^~~~~~~~
../Core/Src/main.c:362:62: error: 'EN_B_Pin' undeclared (first use in this function)
arm-none-eabi-gcc "../Core/Src/sysmem.c" -mcpu=cortex-m0 -std=gnu11 -g3 -DDEBUG -DUSE_HAL_DRIVER -DSTM32F091xC -c -I../Core/Inc -I../Drivers/STM32F0xx_HAL_Driver/Inc -I../Drivers/STM32F0xx_HAL_Driver/Inc/Legacy -I../Drivers/CMSIS/Device/ST/STM32F0xx/Include -I../Drivers/CMSIS/Include -O0 -ffunction-sections -fdata-sections -Wall -fstack-usage -fcyclomatic-complexity -MMD -MP -MF"Core/Src/sysmem.d" -MT"Core/Src/sysmem.o" --specs=nano.specs -mfloat-abi=soft -mthumb -o "Core/Src/sysmem.o"
  362 |                           |Test_Pin9_Pin|DIR_IC_Pin|EN_A_Pin|EN_B_Pin
      |                                                              ^~~~~~~~
../Core/Src/main.c:363:28: error: 'OE_Pin' undeclared (first use in this function)
  363 |                           |OE_Pin, GPIO_PIN_RESET);
      |                            ^~~~~~
arm-none-eabi-gcc "../Core/Src/system_stm32f0xx.c" -mcpu=cortex-m0 -std=gnu11 -g3 -DDEBUG -DUSE_HAL_DRIVER -DSTM32F091xC -c -I../Core/Inc -I../Drivers/STM32F0xx_HAL_Driver/Inc -I../Drivers/STM32F0xx_HAL_Driver/Inc/Legacy -I../Drivers/CMSIS/Device/ST/STM32F0xx/Include -I../Drivers/CMSIS/Include -O0 -ffunction-sections -fdata-sections -Wall -fstack-usage -fcyclomatic-complexity -MMD -MP -MF"Core/Src/system_stm32f0xx.d" -MT"Core/Src/system_stm32f0xx.o" --specs=nano.specs -mfloat-abi=soft -mthumb -o "Core/Src/system_stm32f0xx.o"
../Core/Src/main.c:389:25: error: 'IR_Sensor_IO1_Pin' undeclared (first use in this function)
  389 |   GPIO_InitStruct.Pin = IR_Sensor_IO1_Pin|IR_Sensor_IO2_Pin;
      |                         ^~~~~~~~~~~~~~~~~
../Core/Src/main.c:389:43: error: 'IR_Sensor_IO2_Pin' undeclared (first use in this function)
  389 |   GPIO_InitStruct.Pin = IR_Sensor_IO1_Pin|IR_Sensor_IO2_Pin;
      |                                           ^~~~~~~~~~~~~~~~~
../Core/Src/main.c:395:25: error: 'Limit_SW1_Pin' undeclared (first use in this function)
  395 |   GPIO_InitStruct.Pin = Limit_SW1_Pin|Limit_SW2_Pin|Limit_SW3_Pin|Limit_SW4_Pin;
      |                         ^~~~~~~~~~~~~
../Core/Src/main.c:395:39: error: 'Limit_SW2_Pin' undeclared (first use in this function)
  395 |   GPIO_InitStruct.Pin = Limit_SW1_Pin|Limit_SW2_Pin|Limit_SW3_Pin|Limit_SW4_Pin;
      |                                       ^~~~~~~~~~~~~
../Core/Src/main.c:395:53: error: 'Limit_SW3_Pin' undeclared (first use in this function)
  395 |   GPIO_InitStruct.Pin = Limit_SW1_Pin|Limit_SW2_Pin|Limit_SW3_Pin|Limit_SW4_Pin;
      |                                                     ^~~~~~~~~~~~~
../Core/Src/main.c:395:67: error: 'Limit_SW4_Pin' undeclared (first use in this function)
  395 |   GPIO_InitStruct.Pin = Limit_SW1_Pin|Limit_SW2_Pin|Limit_SW3_Pin|Limit_SW4_Pin;
      |                                                                   ^~~~~~~~~~~~~
../Core/Src/main.c: In function 'HAL_GPIO_EXTI_Callback':
../Core/Src/main.c:431:25: warning: pointer targets in passing argument 1 of 'sprintf' differ in signedness [-Wpointer-sign]
  431 |                 sprintf(score_read, "%d\n\r", player1score);
      |                         ^~~~~~~~~~
      |                         |
      |                         uint8_t * {aka unsigned char *}
In file included from ../Core/Src/main.c:21:
C:\ST\STM32CubeIDE_1.13.1\STM32CubeIDE\plugins\com.st.stm32cube.ide.mcu.externaltools.gnu-tools-for-stm32.11.3.rel1.win32_1.1.0.202305231506\tools\bin/../lib/gcc/arm-none-eabi/11.3.1/../../../../arm-none-eabi/include/stdio.h:254:18: note: expected 'char * restrict' but argument is of type 'uint8_t *' {aka 'unsigned char *'}
  254 | int     sprintf (char *__restrict, const char *__restrict, ...)
      |                  ^
../Core/Src/main.c:438:25: warning: pointer targets in passing argument 1 of 'sprintf' differ in signedness [-Wpointer-sign]
  438 |                 sprintf(score_read, "%d\n\r", player2score);
      |                         ^~~~~~~~~~
      |                         |
      |                         uint8_t * {aka unsigned char *}
In file included from ../Core/Src/main.c:21:
C:\ST\STM32CubeIDE_1.13.1\STM32CubeIDE\plugins\com.st.stm32cube.ide.mcu.externaltools.gnu-tools-for-stm32.11.3.rel1.win32_1.1.0.202305231506\tools\bin/../lib/gcc/arm-none-eabi/11.3.1/../../../../arm-none-eabi/include/stdio.h:254:18: note: expected 'char * restrict' but argument is of type 'uint8_t *' {aka 'unsigned char *'}
  254 | int     sprintf (char *__restrict, const char *__restrict, ...)
      |                  ^
../Core/Src/main.c: In function 'map_speed':
../Core/Src/main.c:455:5: warning: type of 'speed_data' defaults to 'int' [-Wimplicit-int]
  455 | int map_speed(speed_data)
      |     ^~~~~~~~~
../Core/Src/main.c: In function 'HAL_UART_RxCpltCallback':
../Core/Src/main.c:482:26: warning: pointer targets in passing argument 1 of 'remove_all_chars' differ in signedness [-Wpointer-sign]
  482 |         remove_all_chars(rxdata, 'b');
      |                          ^~~~~~
      |                          |
      |                          uint8_t * {aka unsigned char *}
../Core/Src/main.c:445:29: note: expected 'char *' but argument is of type 'uint8_t *' {aka 'unsigned char *'}
  445 | void remove_all_chars(char* str, char c)
      |                       ~~~~~~^~~
../Core/Src/main.c:483:26: warning: pointer targets in passing argument 1 of 'remove_all_chars' differ in signedness [-Wpointer-sign]
  483 |         remove_all_chars(rxdata, '\'');
      |                          ^~~~~~
      |                          |
      |                          uint8_t * {aka unsigned char *}
../Core/Src/main.c:445:29: note: expected 'char *' but argument is of type 'uint8_t *' {aka 'unsigned char *'}
  445 | void remove_all_chars(char* str, char c)
      |                       ~~~~~~^~~
../Core/Src/main.c:484:29: warning: pointer targets in passing argument 1 of 'strstr' differ in signedness [-Wpointer-sign]
  484 |         char *sign = strstr(rxdata, "-");
      |                             ^~~~~~
      |                             |
      |                             uint8_t * {aka unsigned char *}
In file included from ../Core/Src/main.c:22:
C:\ST\STM32CubeIDE_1.13.1\STM32CubeIDE\plugins\com.st.stm32cube.ide.mcu.externaltools.gnu-tools-for-stm32.11.3.rel1.win32_1.1.0.202305231506\tools\bin/../lib/gcc/arm-none-eabi/11.3.1/../../../../arm-none-eabi/include/string.h:48:18: note: expected 'const char *' but argument is of type 'uint8_t *' {aka 'unsigned char *'}
   48 | char    *strstr (const char *, const char *);
      |                  ^~~~~~~~~~~~
make: *** [Core/Src/subdir.mk:34: Core/Src/main.o] Error 1
make: *** Waiting for unfinished jobs....
"make -j8 all" terminated with exit code 2. Build might be incomplete.
12:59:01 **** Incremental Build of configuration Debug for project 7seg ****
make -j8 all 
arm-none-eabi-gcc "../Core/Src/main.c" -mcpu=cortex-m0 -std=gnu11 -g3 -DDEBUG -DUSE_HAL_DRIVER -DSTM32F091xC -c -I../Core/Inc -I../Drivers/STM32F0xx_HAL_Driver/Inc -I../Drivers/STM32F0xx_HAL_Driver/Inc/Legacy -I../Drivers/CMSIS/Device/ST/STM32F0xx/Include -I../Drivers/CMSIS/Include -O0 -ffunction-sections -fdata-sections -Wall -fstack-usage -fcyclomatic-complexity -MMD -MP -MF"Core/Src/main.d" -MT"Core/Src/main.o" --specs=nano.specs -mfloat-abi=soft -mthumb -o "Core/Src/main.o"
../Core/Src/main.c: In function 'MX_TIM1_Init':
../Core/Src/main.c:237:3: warning: implicit declaration of function 'HAL_TIM_MspPostInit'; did you mean 'HAL_TIM_IC_MspInit'? [-Wimplicit-function-declaration]
  237 |   HAL_TIM_MspPostInit(&htim1);
      |   ^~~~~~~~~~~~~~~~~~~
      |   HAL_TIM_IC_MspInit
../Core/Src/main.c: In function 'MX_GPIO_Init':
../Core/Src/main.c:356:25: error: 'Test_Pin1_Pin' undeclared (first use in this function)
  356 |   GPIO_InitStruct.Pin = Test_Pin1_Pin|Test_Pin2_Pin|DIR_A_Pin|DIR_B_Pin;
      |                         ^~~~~~~~~~~~~
../Core/Src/main.c:356:25: note: each undeclared identifier is reported only once for each function it appears in
../Core/Src/main.c:356:39: error: 'Test_Pin2_Pin' undeclared (first use in this function)
  356 |   GPIO_InitStruct.Pin = Test_Pin1_Pin|Test_Pin2_Pin|DIR_A_Pin|DIR_B_Pin;
      |                                       ^~~~~~~~~~~~~
../Core/Src/main.c:356:53: error: 'DIR_A_Pin' undeclared (first use in this function)
  356 |   GPIO_InitStruct.Pin = Test_Pin1_Pin|Test_Pin2_Pin|DIR_A_Pin|DIR_B_Pin;
      |                                                     ^~~~~~~~~
../Core/Src/main.c:356:63: error: 'DIR_B_Pin' undeclared (first use in this function)
  356 |   GPIO_InitStruct.Pin = Test_Pin1_Pin|Test_Pin2_Pin|DIR_A_Pin|DIR_B_Pin;
      |                                                               ^~~~~~~~~
../Core/Src/main.c:363:25: error: 'Test_Pin3_Pin' undeclared (first use in this function)
  363 |   GPIO_InitStruct.Pin = Test_Pin3_Pin|Test_Pin4_Pin;
      |                         ^~~~~~~~~~~~~
../Core/Src/main.c:363:39: error: 'Test_Pin4_Pin' undeclared (first use in this function)
  363 |   GPIO_InitStruct.Pin = Test_Pin3_Pin|Test_Pin4_Pin;
      |                                       ^~~~~~~~~~~~~
../Core/Src/main.c:371:25: error: 'Test_Pin5_Pin' undeclared (first use in this function)
  371 |   GPIO_InitStruct.Pin = Test_Pin5_Pin|Test_Pin6_Pin|Test_Pin7_Pin|Test_Pin8_Pin
      |                         ^~~~~~~~~~~~~
../Core/Src/main.c:371:39: error: 'Test_Pin6_Pin' undeclared (first use in this function)
  371 |   GPIO_InitStruct.Pin = Test_Pin5_Pin|Test_Pin6_Pin|Test_Pin7_Pin|Test_Pin8_Pin
      |                                       ^~~~~~~~~~~~~
../Core/Src/main.c:371:53: error: 'Test_Pin7_Pin' undeclared (first use in this function)
  371 |   GPIO_InitStruct.Pin = Test_Pin5_Pin|Test_Pin6_Pin|Test_Pin7_Pin|Test_Pin8_Pin
      |                                                     ^~~~~~~~~~~~~
../Core/Src/main.c:371:67: error: 'Test_Pin8_Pin' undeclared (first use in this function)
  371 |   GPIO_InitStruct.Pin = Test_Pin5_Pin|Test_Pin6_Pin|Test_Pin7_Pin|Test_Pin8_Pin
      |                                                                   ^~~~~~~~~~~~~
../Core/Src/main.c:372:28: error: 'Test_Pin9_Pin' undeclared (first use in this function)
  372 |                           |Test_Pin9_Pin|DIR_IC_Pin|OE_Pin;
      |                            ^~~~~~~~~~~~~
../Core/Src/main.c:372:42: error: 'DIR_IC_Pin' undeclared (first use in this function)
  372 |                           |Test_Pin9_Pin|DIR_IC_Pin|OE_Pin;
      |                                          ^~~~~~~~~~
../Core/Src/main.c:372:53: error: 'OE_Pin' undeclared (first use in this function)
  372 |                           |Test_Pin9_Pin|DIR_IC_Pin|OE_Pin;
      |                                                     ^~~~~~
../Core/Src/main.c:379:25: error: 'IR_Sensor_IO1_Pin' undeclared (first use in this function)
  379 |   GPIO_InitStruct.Pin = IR_Sensor_IO1_Pin|IR_Sensor_IO2_Pin;
      |                         ^~~~~~~~~~~~~~~~~
../Core/Src/main.c:379:43: error: 'IR_Sensor_IO2_Pin' undeclared (first use in this function)
  379 |   GPIO_InitStruct.Pin = IR_Sensor_IO1_Pin|IR_Sensor_IO2_Pin;
      |                                           ^~~~~~~~~~~~~~~~~
../Core/Src/main.c:385:25: error: 'Limit_SW1_Pin' undeclared (first use in this function)
  385 |   GPIO_InitStruct.Pin = Limit_SW1_Pin|Limit_SW2_Pin|Limit_SW3_Pin|Limit_SW4_Pin;
      |                         ^~~~~~~~~~~~~
../Core/Src/main.c:385:39: error: 'Limit_SW2_Pin' undeclared (first use in this function)
  385 |   GPIO_InitStruct.Pin = Limit_SW1_Pin|Limit_SW2_Pin|Limit_SW3_Pin|Limit_SW4_Pin;
      |                                       ^~~~~~~~~~~~~
../Core/Src/main.c:385:53: error: 'Limit_SW3_Pin' undeclared (first use in this function)
  385 |   GPIO_InitStruct.Pin = Limit_SW1_Pin|Limit_SW2_Pin|Limit_SW3_Pin|Limit_SW4_Pin;
      |                                                     ^~~~~~~~~~~~~
../Core/Src/main.c:385:67: error: 'Limit_SW4_Pin' undeclared (first use in this function)
  385 |   GPIO_InitStruct.Pin = Limit_SW1_Pin|Limit_SW2_Pin|Limit_SW3_Pin|Limit_SW4_Pin;
      |                                                                   ^~~~~~~~~~~~~
../Core/Src/main.c:399:25: error: 'EN_A_Pin' undeclared (first use in this function)
  399 |   GPIO_InitStruct.Pin = EN_A_Pin|EN_B_Pin;
      |                         ^~~~~~~~
../Core/Src/main.c:399:34: error: 'EN_B_Pin' undeclared (first use in this function)
  399 |   GPIO_InitStruct.Pin = EN_A_Pin|EN_B_Pin;
      |                                  ^~~~~~~~
../Core/Src/main.c: In function 'HAL_GPIO_EXTI_Callback':
../Core/Src/main.c:421:25: warning: pointer targets in passing argument 1 of 'sprintf' differ in signedness [-Wpointer-sign]
  421 |                 sprintf(score_read, "%d\n\r", player1score);
      |                         ^~~~~~~~~~
      |                         |
      |                         uint8_t * {aka unsigned char *}
In file included from ../Core/Src/main.c:21:
C:\ST\STM32CubeIDE_1.13.1\STM32CubeIDE\plugins\com.st.stm32cube.ide.mcu.externaltools.gnu-tools-for-stm32.11.3.rel1.win32_1.1.0.202305231506\tools\bin/../lib/gcc/arm-none-eabi/11.3.1/../../../../arm-none-eabi/include/stdio.h:254:18: note: expected 'char * restrict' but argument is of type 'uint8_t *' {aka 'unsigned char *'}
  254 | int     sprintf (char *__restrict, const char *__restrict, ...)
      |                  ^
../Core/Src/main.c:428:25: warning: pointer targets in passing argument 1 of 'sprintf' differ in signedness [-Wpointer-sign]
  428 |                 sprintf(score_read, "%d\n\r", player2score);
      |                         ^~~~~~~~~~
      |                         |
      |                         uint8_t * {aka unsigned char *}
In file included from ../Core/Src/main.c:21:
C:\ST\STM32CubeIDE_1.13.1\STM32CubeIDE\plugins\com.st.stm32cube.ide.mcu.externaltools.gnu-tools-for-stm32.11.3.rel1.win32_1.1.0.202305231506\tools\bin/../lib/gcc/arm-none-eabi/11.3.1/../../../../arm-none-eabi/include/stdio.h:254:18: note: expected 'char * restrict' but argument is of type 'uint8_t *' {aka 'unsigned char *'}
  254 | int     sprintf (char *__restrict, const char *__restrict, ...)
      |                  ^
../Core/Src/main.c: In function 'map_speed':
../Core/Src/main.c:445:5: warning: type of 'speed_data' defaults to 'int' [-Wimplicit-int]
  445 | int map_speed(speed_data)
      |     ^~~~~~~~~
../Core/Src/main.c: In function 'HAL_UART_RxCpltCallback':
../Core/Src/main.c:472:26: warning: pointer targets in passing argument 1 of 'remove_all_chars' differ in signedness [-Wpointer-sign]
  472 |         remove_all_chars(rxdata, 'b');
      |                          ^~~~~~
      |                          |
      |                          uint8_t * {aka unsigned char *}
../Core/Src/main.c:435:29: note: expected 'char *' but argument is of type 'uint8_t *' {aka 'unsigned char *'}
  435 | void remove_all_chars(char* str, char c)
      |                       ~~~~~~^~~
../Core/Src/main.c:473:26: warning: pointer targets in passing argument 1 of 'remove_all_chars' differ in signedness [-Wpointer-sign]
  473 |         remove_all_chars(rxdata, '\'');
      |                          ^~~~~~
      |                          |
      |                          uint8_t * {aka unsigned char *}
../Core/Src/main.c:435:29: note: expected 'char *' but argument is of type 'uint8_t *' {aka 'unsigned char *'}
  435 | void remove_all_chars(char* str, char c)
      |                       ~~~~~~^~~
../Core/Src/main.c:474:29: warning: pointer targets in passing argument 1 of 'strstr' differ in signedness [-Wpointer-sign]
  474 |         char *sign = strstr(rxdata, "-");
      |                             ^~~~~~
      |                             |
      |                             uint8_t * {aka unsigned char *}
In file included from ../Core/Src/main.c:22:
C:\ST\STM32CubeIDE_1.13.1\STM32CubeIDE\plugins\com.st.stm32cube.ide.mcu.externaltools.gnu-tools-for-stm32.11.3.rel1.win32_1.1.0.202305231506\tools\bin/../lib/gcc/arm-none-eabi/11.3.1/../../../../arm-none-eabi/include/string.h:48:18: note: expected 'const char *' but argument is of type 'uint8_t *' {aka 'unsigned char *'}
   48 | char    *strstr (const char *, const char *);
      |                  ^~~~~~~~~~~~
make: *** [Core/Src/subdir.mk:34: Core/Src/main.o] Error 1
"make -j8 all" terminated with exit code 2. Build might be incomplete.
13:01:34 **** Incremental Build of configuration Debug for project 7seg ****
make -j8 all 
arm-none-eabi-gcc "../Core/Src/main.c" -mcpu=cortex-m0 -std=gnu11 -g3 -DDEBUG -DUSE_HAL_DRIVER -DSTM32F091xC -c -I../Core/Inc -I../Drivers/STM32F0xx_HAL_Driver/Inc -I../Drivers/STM32F0xx_HAL_Driver/Inc/Legacy -I../Drivers/CMSIS/Device/ST/STM32F0xx/Include -I../Drivers/CMSIS/Include -O0 -ffunction-sections -fdata-sections -Wall -fstack-usage -fcyclomatic-complexity -MMD -MP -MF"Core/Src/main.d" -MT"Core/Src/main.o" --specs=nano.specs -mfloat-abi=soft -mthumb -o "Core/Src/main.o"
../Core/Src/main.c: In function 'MX_TIM1_Init':
../Core/Src/main.c:237:3: warning: implicit declaration of function 'HAL_TIM_MspPostInit'; did you mean 'HAL_TIM_IC_MspInit'? [-Wimplicit-function-declaration]
  237 |   HAL_TIM_MspPostInit(&htim1);
      |   ^~~~~~~~~~~~~~~~~~~
      |   HAL_TIM_IC_MspInit
../Core/Src/main.c: In function 'MX_GPIO_Init':
../Core/Src/main.c:356:25: error: 'Test_Pin1_Pin' undeclared (first use in this function)
  356 |   GPIO_InitStruct.Pin = Test_Pin1_Pin|Test_Pin2_Pin|DIR_A_Pin|DIR_B_Pin;
      |                         ^~~~~~~~~~~~~
../Core/Src/main.c:356:25: note: each undeclared identifier is reported only once for each function it appears in
../Core/Src/main.c:356:39: error: 'Test_Pin2_Pin' undeclared (first use in this function)
  356 |   GPIO_InitStruct.Pin = Test_Pin1_Pin|Test_Pin2_Pin|DIR_A_Pin|DIR_B_Pin;
      |                                       ^~~~~~~~~~~~~
../Core/Src/main.c:356:53: error: 'DIR_A_Pin' undeclared (first use in this function)
  356 |   GPIO_InitStruct.Pin = Test_Pin1_Pin|Test_Pin2_Pin|DIR_A_Pin|DIR_B_Pin;
      |                                                     ^~~~~~~~~
../Core/Src/main.c:356:63: error: 'DIR_B_Pin' undeclared (first use in this function)
  356 |   GPIO_InitStruct.Pin = Test_Pin1_Pin|Test_Pin2_Pin|DIR_A_Pin|DIR_B_Pin;
      |                                                               ^~~~~~~~~
../Core/Src/main.c:363:25: error: 'Test_Pin3_Pin' undeclared (first use in this function)
  363 |   GPIO_InitStruct.Pin = Test_Pin3_Pin|Test_Pin4_Pin;
      |                         ^~~~~~~~~~~~~
../Core/Src/main.c:363:39: error: 'Test_Pin4_Pin' undeclared (first use in this function)
  363 |   GPIO_InitStruct.Pin = Test_Pin3_Pin|Test_Pin4_Pin;
      |                                       ^~~~~~~~~~~~~
../Core/Src/main.c:371:25: error: 'Test_Pin5_Pin' undeclared (first use in this function)
  371 |   GPIO_InitStruct.Pin = Test_Pin5_Pin|Test_Pin6_Pin|Test_Pin7_Pin|Test_Pin8_Pin
      |                         ^~~~~~~~~~~~~
../Core/Src/main.c:371:39: error: 'Test_Pin6_Pin' undeclared (first use in this function)
  371 |   GPIO_InitStruct.Pin = Test_Pin5_Pin|Test_Pin6_Pin|Test_Pin7_Pin|Test_Pin8_Pin
      |                                       ^~~~~~~~~~~~~
../Core/Src/main.c:371:53: error: 'Test_Pin7_Pin' undeclared (first use in this function)
  371 |   GPIO_InitStruct.Pin = Test_Pin5_Pin|Test_Pin6_Pin|Test_Pin7_Pin|Test_Pin8_Pin
      |                                                     ^~~~~~~~~~~~~
../Core/Src/main.c:371:67: error: 'Test_Pin8_Pin' undeclared (first use in this function)
  371 |   GPIO_InitStruct.Pin = Test_Pin5_Pin|Test_Pin6_Pin|Test_Pin7_Pin|Test_Pin8_Pin
      |                                                                   ^~~~~~~~~~~~~
../Core/Src/main.c:372:28: error: 'Test_Pin9_Pin' undeclared (first use in this function)
  372 |                           |Test_Pin9_Pin|DIR_IC_Pin|OE_Pin;
      |                            ^~~~~~~~~~~~~
../Core/Src/main.c:372:42: error: 'DIR_IC_Pin' undeclared (first use in this function)
  372 |                           |Test_Pin9_Pin|DIR_IC_Pin|OE_Pin;
      |                                          ^~~~~~~~~~
../Core/Src/main.c:372:53: error: 'OE_Pin' undeclared (first use in this function)
  372 |                           |Test_Pin9_Pin|DIR_IC_Pin|OE_Pin;
      |                                                     ^~~~~~
../Core/Src/main.c:379:25: error: 'IR_Sensor_IO1_Pin' undeclared (first use in this function)
  379 |   GPIO_InitStruct.Pin = IR_Sensor_IO1_Pin|IR_Sensor_IO2_Pin;
      |                         ^~~~~~~~~~~~~~~~~
../Core/Src/main.c:379:43: error: 'IR_Sensor_IO2_Pin' undeclared (first use in this function)
  379 |   GPIO_InitStruct.Pin = IR_Sensor_IO1_Pin|IR_Sensor_IO2_Pin;
      |                                           ^~~~~~~~~~~~~~~~~
../Core/Src/main.c:385:25: error: 'Limit_SW1_Pin' undeclared (first use in this function)
  385 |   GPIO_InitStruct.Pin = Limit_SW1_Pin|Limit_SW2_Pin|Limit_SW3_Pin|Limit_SW4_Pin;
      |                         ^~~~~~~~~~~~~
../Core/Src/main.c:385:39: error: 'Limit_SW2_Pin' undeclared (first use in this function)
  385 |   GPIO_InitStruct.Pin = Limit_SW1_Pin|Limit_SW2_Pin|Limit_SW3_Pin|Limit_SW4_Pin;
      |                                       ^~~~~~~~~~~~~
../Core/Src/main.c:385:53: error: 'Limit_SW3_Pin' undeclared (first use in this function)
  385 |   GPIO_InitStruct.Pin = Limit_SW1_Pin|Limit_SW2_Pin|Limit_SW3_Pin|Limit_SW4_Pin;
      |                                                     ^~~~~~~~~~~~~
../Core/Src/main.c:385:67: error: 'Limit_SW4_Pin' undeclared (first use in this function)
  385 |   GPIO_InitStruct.Pin = Limit_SW1_Pin|Limit_SW2_Pin|Limit_SW3_Pin|Limit_SW4_Pin;
      |                                                                   ^~~~~~~~~~~~~
../Core/Src/main.c:399:25: error: 'EN_A_Pin' undeclared (first use in this function)
  399 |   GPIO_InitStruct.Pin = EN_A_Pin|EN_B_Pin;
      |                         ^~~~~~~~
../Core/Src/main.c:399:34: error: 'EN_B_Pin' undeclared (first use in this function)
  399 |   GPIO_InitStruct.Pin = EN_A_Pin|EN_B_Pin;
      |                                  ^~~~~~~~
../Core/Src/main.c: In function 'HAL_GPIO_EXTI_Callback':
../Core/Src/main.c:421:25: warning: pointer targets in passing argument 1 of 'sprintf' differ in signedness [-Wpointer-sign]
  421 |                 sprintf(score_read, "%d\n\r", player1score);
      |                         ^~~~~~~~~~
      |                         |
      |                         uint8_t * {aka unsigned char *}
In file included from ../Core/Src/main.c:21:
C:\ST\STM32CubeIDE_1.13.1\STM32CubeIDE\plugins\com.st.stm32cube.ide.mcu.externaltools.gnu-tools-for-stm32.11.3.rel1.win32_1.1.0.202305231506\tools\bin/../lib/gcc/arm-none-eabi/11.3.1/../../../../arm-none-eabi/include/stdio.h:254:18: note: expected 'char * restrict' but argument is of type 'uint8_t *' {aka 'unsigned char *'}
  254 | int     sprintf (char *__restrict, const char *__restrict, ...)
      |                  ^
../Core/Src/main.c:428:25: warning: pointer targets in passing argument 1 of 'sprintf' differ in signedness [-Wpointer-sign]
  428 |                 sprintf(score_read, "%d\n\r", player2score);
      |                         ^~~~~~~~~~
      |                         |
      |                         uint8_t * {aka unsigned char *}
In file included from ../Core/Src/main.c:21:
C:\ST\STM32CubeIDE_1.13.1\STM32CubeIDE\plugins\com.st.stm32cube.ide.mcu.externaltools.gnu-tools-for-stm32.11.3.rel1.win32_1.1.0.202305231506\tools\bin/../lib/gcc/arm-none-eabi/11.3.1/../../../../arm-none-eabi/include/stdio.h:254:18: note: expected 'char * restrict' but argument is of type 'uint8_t *' {aka 'unsigned char *'}
  254 | int     sprintf (char *__restrict, const char *__restrict, ...)
      |                  ^
../Core/Src/main.c: In function 'map_speed':
../Core/Src/main.c:445:5: warning: type of 'speed_data' defaults to 'int' [-Wimplicit-int]
  445 | int map_speed(speed_data)
      |     ^~~~~~~~~
../Core/Src/main.c: In function 'HAL_UART_RxCpltCallback':
../Core/Src/main.c:472:26: warning: pointer targets in passing argument 1 of 'remove_all_chars' differ in signedness [-Wpointer-sign]
  472 |         remove_all_chars(rxdata, 'b');
      |                          ^~~~~~
      |                          |
      |                          uint8_t * {aka unsigned char *}
../Core/Src/main.c:435:29: note: expected 'char *' but argument is of type 'uint8_t *' {aka 'unsigned char *'}
  435 | void remove_all_chars(char* str, char c)
      |                       ~~~~~~^~~
../Core/Src/main.c:473:26: warning: pointer targets in passing argument 1 of 'remove_all_chars' differ in signedness [-Wpointer-sign]
  473 |         remove_all_chars(rxdata, '\'');
      |                          ^~~~~~
      |                          |
      |                          uint8_t * {aka unsigned char *}
../Core/Src/main.c:435:29: note: expected 'char *' but argument is of type 'uint8_t *' {aka 'unsigned char *'}
  435 | void remove_all_chars(char* str, char c)
      |                       ~~~~~~^~~
../Core/Src/main.c:474:29: warning: pointer targets in passing argument 1 of 'strstr' differ in signedness [-Wpointer-sign]
  474 |         char *sign = strstr(rxdata, "-");
      |                             ^~~~~~
      |                             |
      |                             uint8_t * {aka unsigned char *}
In file included from ../Core/Src/main.c:22:
C:\ST\STM32CubeIDE_1.13.1\STM32CubeIDE\plugins\com.st.stm32cube.ide.mcu.externaltools.gnu-tools-for-stm32.11.3.rel1.win32_1.1.0.202305231506\tools\bin/../lib/gcc/arm-none-eabi/11.3.1/../../../../arm-none-eabi/include/string.h:48:18: note: expected 'const char *' but argument is of type 'uint8_t *' {aka 'unsigned char *'}
   48 | char    *strstr (const char *, const char *);
      |                  ^~~~~~~~~~~~
make: *** [Core/Src/subdir.mk:34: Core/Src/main.o] Error 1
"make -j8 all" terminated with exit code 2. Build might be incomplete.
13:01:38 **** Incremental Build of configuration Debug for project 7seg ****
make -j8 all 
arm-none-eabi-gcc "../Core/Src/main.c" -mcpu=cortex-m0 -std=gnu11 -g3 -DDEBUG -DUSE_HAL_DRIVER -DSTM32F091xC -c -I../Core/Inc -I../Drivers/STM32F0xx_HAL_Driver/Inc -I../Drivers/STM32F0xx_HAL_Driver/Inc/Legacy -I../Drivers/CMSIS/Device/ST/STM32F0xx/Include -I../Drivers/CMSIS/Include -O0 -ffunction-sections -fdata-sections -Wall -fstack-usage -fcyclomatic-complexity -MMD -MP -MF"Core/Src/main.d" -MT"Core/Src/main.o" --specs=nano.specs -mfloat-abi=soft -mthumb -o "Core/Src/main.o"
../Core/Src/main.c: In function 'MX_TIM1_Init':
../Core/Src/main.c:237:3: warning: implicit declaration of function 'HAL_TIM_MspPostInit'; did you mean 'HAL_TIM_IC_MspInit'? [-Wimplicit-function-declaration]
  237 |   HAL_TIM_MspPostInit(&htim1);
      |   ^~~~~~~~~~~~~~~~~~~
      |   HAL_TIM_IC_MspInit
../Core/Src/main.c: In function 'MX_GPIO_Init':
../Core/Src/main.c:356:25: error: 'Test_Pin1_Pin' undeclared (first use in this function)
  356 |   GPIO_InitStruct.Pin = Test_Pin1_Pin|Test_Pin2_Pin|DIR_A_Pin|DIR_B_Pin;
      |                         ^~~~~~~~~~~~~
../Core/Src/main.c:356:25: note: each undeclared identifier is reported only once for each function it appears in
../Core/Src/main.c:356:39: error: 'Test_Pin2_Pin' undeclared (first use in this function)
  356 |   GPIO_InitStruct.Pin = Test_Pin1_Pin|Test_Pin2_Pin|DIR_A_Pin|DIR_B_Pin;
      |                                       ^~~~~~~~~~~~~
../Core/Src/main.c:356:53: error: 'DIR_A_Pin' undeclared (first use in this function)
  356 |   GPIO_InitStruct.Pin = Test_Pin1_Pin|Test_Pin2_Pin|DIR_A_Pin|DIR_B_Pin;
      |                                                     ^~~~~~~~~
../Core/Src/main.c:356:63: error: 'DIR_B_Pin' undeclared (first use in this function)
  356 |   GPIO_InitStruct.Pin = Test_Pin1_Pin|Test_Pin2_Pin|DIR_A_Pin|DIR_B_Pin;
      |                                                               ^~~~~~~~~
../Core/Src/main.c:363:25: error: 'Test_Pin3_Pin' undeclared (first use in this function)
  363 |   GPIO_InitStruct.Pin = Test_Pin3_Pin|Test_Pin4_Pin;
      |                         ^~~~~~~~~~~~~
../Core/Src/main.c:363:39: error: 'Test_Pin4_Pin' undeclared (first use in this function)
  363 |   GPIO_InitStruct.Pin = Test_Pin3_Pin|Test_Pin4_Pin;
      |                                       ^~~~~~~~~~~~~
../Core/Src/main.c:371:25: error: 'Test_Pin5_Pin' undeclared (first use in this function)
  371 |   GPIO_InitStruct.Pin = Test_Pin5_Pin|Test_Pin6_Pin|Test_Pin7_Pin|Test_Pin8_Pin
      |                         ^~~~~~~~~~~~~
../Core/Src/main.c:371:39: error: 'Test_Pin6_Pin' undeclared (first use in this function)
  371 |   GPIO_InitStruct.Pin = Test_Pin5_Pin|Test_Pin6_Pin|Test_Pin7_Pin|Test_Pin8_Pin
      |                                       ^~~~~~~~~~~~~
../Core/Src/main.c:371:53: error: 'Test_Pin7_Pin' undeclared (first use in this function)
  371 |   GPIO_InitStruct.Pin = Test_Pin5_Pin|Test_Pin6_Pin|Test_Pin7_Pin|Test_Pin8_Pin
      |                                                     ^~~~~~~~~~~~~
../Core/Src/main.c:371:67: error: 'Test_Pin8_Pin' undeclared (first use in this function)
  371 |   GPIO_InitStruct.Pin = Test_Pin5_Pin|Test_Pin6_Pin|Test_Pin7_Pin|Test_Pin8_Pin
      |                                                                   ^~~~~~~~~~~~~
../Core/Src/main.c:372:28: error: 'Test_Pin9_Pin' undeclared (first use in this function)
  372 |                           |Test_Pin9_Pin|DIR_IC_Pin|OE_Pin;
      |                            ^~~~~~~~~~~~~
../Core/Src/main.c:372:42: error: 'DIR_IC_Pin' undeclared (first use in this function)
  372 |                           |Test_Pin9_Pin|DIR_IC_Pin|OE_Pin;
      |                                          ^~~~~~~~~~
../Core/Src/main.c:372:53: error: 'OE_Pin' undeclared (first use in this function)
  372 |                           |Test_Pin9_Pin|DIR_IC_Pin|OE_Pin;
      |                                                     ^~~~~~
../Core/Src/main.c:379:25: error: 'IR_Sensor_IO1_Pin' undeclared (first use in this function)
  379 |   GPIO_InitStruct.Pin = IR_Sensor_IO1_Pin|IR_Sensor_IO2_Pin;
      |                         ^~~~~~~~~~~~~~~~~
../Core/Src/main.c:379:43: error: 'IR_Sensor_IO2_Pin' undeclared (first use in this function)
  379 |   GPIO_InitStruct.Pin = IR_Sensor_IO1_Pin|IR_Sensor_IO2_Pin;
      |                                           ^~~~~~~~~~~~~~~~~
../Core/Src/main.c:385:25: error: 'Limit_SW1_Pin' undeclared (first use in this function)
  385 |   GPIO_InitStruct.Pin = Limit_SW1_Pin|Limit_SW2_Pin|Limit_SW3_Pin|Limit_SW4_Pin;
      |                         ^~~~~~~~~~~~~
../Core/Src/main.c:385:39: error: 'Limit_SW2_Pin' undeclared (first use in this function)
  385 |   GPIO_InitStruct.Pin = Limit_SW1_Pin|Limit_SW2_Pin|Limit_SW3_Pin|Limit_SW4_Pin;
      |                                       ^~~~~~~~~~~~~
../Core/Src/main.c:385:53: error: 'Limit_SW3_Pin' undeclared (first use in this function)
  385 |   GPIO_InitStruct.Pin = Limit_SW1_Pin|Limit_SW2_Pin|Limit_SW3_Pin|Limit_SW4_Pin;
      |                                                     ^~~~~~~~~~~~~
../Core/Src/main.c:385:67: error: 'Limit_SW4_Pin' undeclared (first use in this function)
  385 |   GPIO_InitStruct.Pin = Limit_SW1_Pin|Limit_SW2_Pin|Limit_SW3_Pin|Limit_SW4_Pin;
      |                                                                   ^~~~~~~~~~~~~
../Core/Src/main.c:399:25: error: 'EN_A_Pin' undeclared (first use in this function)
  399 |   GPIO_InitStruct.Pin = EN_A_Pin|EN_B_Pin;
      |                         ^~~~~~~~
../Core/Src/main.c:399:34: error: 'EN_B_Pin' undeclared (first use in this function)
  399 |   GPIO_InitStruct.Pin = EN_A_Pin|EN_B_Pin;
      |                                  ^~~~~~~~
../Core/Src/main.c: In function 'HAL_GPIO_EXTI_Callback':
../Core/Src/main.c:421:25: warning: pointer targets in passing argument 1 of 'sprintf' differ in signedness [-Wpointer-sign]
  421 |                 sprintf(score_read, "%d\n\r", player1score);
      |                         ^~~~~~~~~~
      |                         |
      |                         uint8_t * {aka unsigned char *}
In file included from ../Core/Src/main.c:21:
C:\ST\STM32CubeIDE_1.13.1\STM32CubeIDE\plugins\com.st.stm32cube.ide.mcu.externaltools.gnu-tools-for-stm32.11.3.rel1.win32_1.1.0.202305231506\tools\bin/../lib/gcc/arm-none-eabi/11.3.1/../../../../arm-none-eabi/include/stdio.h:254:18: note: expected 'char * restrict' but argument is of type 'uint8_t *' {aka 'unsigned char *'}
  254 | int     sprintf (char *__restrict, const char *__restrict, ...)
      |                  ^
../Core/Src/main.c:428:25: warning: pointer targets in passing argument 1 of 'sprintf' differ in signedness [-Wpointer-sign]
  428 |                 sprintf(score_read, "%d\n\r", player2score);
      |                         ^~~~~~~~~~
      |                         |
      |                         uint8_t * {aka unsigned char *}
In file included from ../Core/Src/main.c:21:
C:\ST\STM32CubeIDE_1.13.1\STM32CubeIDE\plugins\com.st.stm32cube.ide.mcu.externaltools.gnu-tools-for-stm32.11.3.rel1.win32_1.1.0.202305231506\tools\bin/../lib/gcc/arm-none-eabi/11.3.1/../../../../arm-none-eabi/include/stdio.h:254:18: note: expected 'char * restrict' but argument is of type 'uint8_t *' {aka 'unsigned char *'}
  254 | int     sprintf (char *__restrict, const char *__restrict, ...)
      |                  ^
../Core/Src/main.c: In function 'map_speed':
../Core/Src/main.c:445:5: warning: type of 'speed_data' defaults to 'int' [-Wimplicit-int]
  445 | int map_speed(speed_data)
      |     ^~~~~~~~~
../Core/Src/main.c: In function 'HAL_UART_RxCpltCallback':
../Core/Src/main.c:472:26: warning: pointer targets in passing argument 1 of 'remove_all_chars' differ in signedness [-Wpointer-sign]
  472 |         remove_all_chars(rxdata, 'b');
      |                          ^~~~~~
      |                          |
      |                          uint8_t * {aka unsigned char *}
../Core/Src/main.c:435:29: note: expected 'char *' but argument is of type 'uint8_t *' {aka 'unsigned char *'}
  435 | void remove_all_chars(char* str, char c)
      |                       ~~~~~~^~~
../Core/Src/main.c:473:26: warning: pointer targets in passing argument 1 of 'remove_all_chars' differ in signedness [-Wpointer-sign]
  473 |         remove_all_chars(rxdata, '\'');
      |                          ^~~~~~
      |                          |
      |                          uint8_t * {aka unsigned char *}
../Core/Src/main.c:435:29: note: expected 'char *' but argument is of type 'uint8_t *' {aka 'unsigned char *'}
  435 | void remove_all_chars(char* str, char c)
      |                       ~~~~~~^~~
../Core/Src/main.c:474:29: warning: pointer targets in passing argument 1 of 'strstr' differ in signedness [-Wpointer-sign]
  474 |         char *sign = strstr(rxdata, "-");
      |                             ^~~~~~
      |                             |
      |                             uint8_t * {aka unsigned char *}
In file included from ../Core/Src/main.c:22:
C:\ST\STM32CubeIDE_1.13.1\STM32CubeIDE\plugins\com.st.stm32cube.ide.mcu.externaltools.gnu-tools-for-stm32.11.3.rel1.win32_1.1.0.202305231506\tools\bin/../lib/gcc/arm-none-eabi/11.3.1/../../../../arm-none-eabi/include/string.h:48:18: note: expected 'const char *' but argument is of type 'uint8_t *' {aka 'unsigned char *'}
   48 | char    *strstr (const char *, const char *);
      |                  ^~~~~~~~~~~~
make: *** [Core/Src/subdir.mk:34: Core/Src/main.o] Error 1
"make -j8 all" terminated with exit code 2. Build might be incomplete.
13:03:11 **** Incremental Build of configuration Debug for project 7seg ****
make -j8 all 
arm-none-eabi-gcc "../Core/Src/main.c" -mcpu=cortex-m0 -std=gnu11 -g3 -DDEBUG -DUSE_HAL_DRIVER -DSTM32F091xC -c -I../Core/Inc -I../Drivers/STM32F0xx_HAL_Driver/Inc -I../Drivers/STM32F0xx_HAL_Driver/Inc/Legacy -I../Drivers/CMSIS/Device/ST/STM32F0xx/Include -I../Drivers/CMSIS/Include -O0 -ffunction-sections -fdata-sections -Wall -fstack-usage -fcyclomatic-complexity -MMD -MP -MF"Core/Src/main.d" -MT"Core/Src/main.o" --specs=nano.specs -mfloat-abi=soft -mthumb -o "Core/Src/main.o"
../Core/Src/main.c: In function 'MX_TIM1_Init':
../Core/Src/main.c:209:3: warning: implicit declaration of function 'HAL_TIM_MspPostInit'; did you mean 'HAL_TIM_IC_MspInit'? [-Wimplicit-function-declaration]
  209 |   HAL_TIM_MspPostInit(&htim1);
      |   ^~~~~~~~~~~~~~~~~~~
      |   HAL_TIM_IC_MspInit
../Core/Src/main.c: In function 'MX_GPIO_Init':
../Core/Src/main.c:327:28: error: 'Test_Pin1_Pin' undeclared (first use in this function)
  327 |   HAL_GPIO_WritePin(GPIOA, Test_Pin1_Pin|Test_Pin2_Pin|DIR_A_Pin|DIR_B_Pin, GPIO_PIN_RESET);
      |                            ^~~~~~~~~~~~~
../Core/Src/main.c:327:28: note: each undeclared identifier is reported only once for each function it appears in
../Core/Src/main.c:327:42: error: 'Test_Pin2_Pin' undeclared (first use in this function)
  327 |   HAL_GPIO_WritePin(GPIOA, Test_Pin1_Pin|Test_Pin2_Pin|DIR_A_Pin|DIR_B_Pin, GPIO_PIN_RESET);
      |                                          ^~~~~~~~~~~~~
../Core/Src/main.c:327:56: error: 'DIR_A_Pin' undeclared (first use in this function)
  327 |   HAL_GPIO_WritePin(GPIOA, Test_Pin1_Pin|Test_Pin2_Pin|DIR_A_Pin|DIR_B_Pin, GPIO_PIN_RESET);
      |                                                        ^~~~~~~~~
../Core/Src/main.c:327:66: error: 'DIR_B_Pin' undeclared (first use in this function)
  327 |   HAL_GPIO_WritePin(GPIOA, Test_Pin1_Pin|Test_Pin2_Pin|DIR_A_Pin|DIR_B_Pin, GPIO_PIN_RESET);
      |                                                                  ^~~~~~~~~
../Core/Src/main.c:330:28: error: 'Test_Pin3_Pin' undeclared (first use in this function)
  330 |   HAL_GPIO_WritePin(GPIOC, Test_Pin3_Pin|Test_Pin4_Pin, GPIO_PIN_RESET);
      |                            ^~~~~~~~~~~~~
../Core/Src/main.c:330:42: error: 'Test_Pin4_Pin' undeclared (first use in this function)
  330 |   HAL_GPIO_WritePin(GPIOC, Test_Pin3_Pin|Test_Pin4_Pin, GPIO_PIN_RESET);
      |                                          ^~~~~~~~~~~~~
../Core/Src/main.c:333:28: error: 'Test_Pin5_Pin' undeclared (first use in this function)
  333 |   HAL_GPIO_WritePin(GPIOB, Test_Pin5_Pin|Test_Pin6_Pin|Test_Pin7_Pin|Test_Pin8_Pin
      |                            ^~~~~~~~~~~~~
../Core/Src/main.c:333:42: error: 'Test_Pin6_Pin' undeclared (first use in this function)
  333 |   HAL_GPIO_WritePin(GPIOB, Test_Pin5_Pin|Test_Pin6_Pin|Test_Pin7_Pin|Test_Pin8_Pin
      |                                          ^~~~~~~~~~~~~
../Core/Src/main.c:333:56: error: 'Test_Pin7_Pin' undeclared (first use in this function)
  333 |   HAL_GPIO_WritePin(GPIOB, Test_Pin5_Pin|Test_Pin6_Pin|Test_Pin7_Pin|Test_Pin8_Pin
      |                                                        ^~~~~~~~~~~~~
../Core/Src/main.c:333:70: error: 'Test_Pin8_Pin' undeclared (first use in this function)
  333 |   HAL_GPIO_WritePin(GPIOB, Test_Pin5_Pin|Test_Pin6_Pin|Test_Pin7_Pin|Test_Pin8_Pin
      |                                                                      ^~~~~~~~~~~~~
../Core/Src/main.c:334:28: error: 'Test_Pin9_Pin' undeclared (first use in this function)
  334 |                           |Test_Pin9_Pin|DIR_IC_Pin|EN_A_Pin|EN_B_Pin
      |                            ^~~~~~~~~~~~~
../Core/Src/main.c:334:42: error: 'DIR_IC_Pin' undeclared (first use in this function)
  334 |                           |Test_Pin9_Pin|DIR_IC_Pin|EN_A_Pin|EN_B_Pin
      |                                          ^~~~~~~~~~
../Core/Src/main.c:334:53: error: 'EN_A_Pin' undeclared (first use in this function)
  334 |                           |Test_Pin9_Pin|DIR_IC_Pin|EN_A_Pin|EN_B_Pin
      |                                                     ^~~~~~~~
../Core/Src/main.c:334:62: error: 'EN_B_Pin' undeclared (first use in this function)
  334 |                           |Test_Pin9_Pin|DIR_IC_Pin|EN_A_Pin|EN_B_Pin
      |                                                              ^~~~~~~~
../Core/Src/main.c:335:28: error: 'OE_Pin' undeclared (first use in this function)
  335 |                           |OE_Pin, GPIO_PIN_RESET);
      |                            ^~~~~~
../Core/Src/main.c:361:25: error: 'IR_Sensor_IO1_Pin' undeclared (first use in this function)
  361 |   GPIO_InitStruct.Pin = IR_Sensor_IO1_Pin|IR_Sensor_IO2_Pin;
      |                         ^~~~~~~~~~~~~~~~~
../Core/Src/main.c:361:43: error: 'IR_Sensor_IO2_Pin' undeclared (first use in this function)
  361 |   GPIO_InitStruct.Pin = IR_Sensor_IO1_Pin|IR_Sensor_IO2_Pin;
      |                                           ^~~~~~~~~~~~~~~~~
../Core/Src/main.c:367:25: error: 'Limit_SW1_Pin' undeclared (first use in this function)
  367 |   GPIO_InitStruct.Pin = Limit_SW1_Pin|Limit_SW2_Pin|Limit_SW3_Pin|Limit_SW4_Pin;
      |                         ^~~~~~~~~~~~~
../Core/Src/main.c:367:39: error: 'Limit_SW2_Pin' undeclared (first use in this function)
  367 |   GPIO_InitStruct.Pin = Limit_SW1_Pin|Limit_SW2_Pin|Limit_SW3_Pin|Limit_SW4_Pin;
      |                                       ^~~~~~~~~~~~~
../Core/Src/main.c:367:53: error: 'Limit_SW3_Pin' undeclared (first use in this function)
  367 |   GPIO_InitStruct.Pin = Limit_SW1_Pin|Limit_SW2_Pin|Limit_SW3_Pin|Limit_SW4_Pin;
      |                                                     ^~~~~~~~~~~~~
../Core/Src/main.c:367:67: error: 'Limit_SW4_Pin' undeclared (first use in this function)
  367 |   GPIO_InitStruct.Pin = Limit_SW1_Pin|Limit_SW2_Pin|Limit_SW3_Pin|Limit_SW4_Pin;
      |                                                                   ^~~~~~~~~~~~~
../Core/Src/main.c: In function 'HAL_GPIO_EXTI_Callback':
../Core/Src/main.c:410:25: warning: pointer targets in passing argument 1 of 'sprintf' differ in signedness [-Wpointer-sign]
  410 |                 sprintf(score_read, "%d\n\r", player1score);
      |                         ^~~~~~~~~~
      |                         |
      |                         uint8_t * {aka unsigned char *}
In file included from ../Core/Src/main.c:24:
C:\ST\STM32CubeIDE_1.13.1\STM32CubeIDE\plugins\com.st.stm32cube.ide.mcu.externaltools.gnu-tools-for-stm32.11.3.rel1.win32_1.1.0.202305231506\tools\bin/../lib/gcc/arm-none-eabi/11.3.1/../../../../arm-none-eabi/include/stdio.h:254:18: note: expected 'char * restrict' but argument is of type 'uint8_t *' {aka 'unsigned char *'}
  254 | int     sprintf (char *__restrict, const char *__restrict, ...)
      |                  ^
../Core/Src/main.c:417:25: warning: pointer targets in passing argument 1 of 'sprintf' differ in signedness [-Wpointer-sign]
  417 |                 sprintf(score_read, "%d\n\r", player2score);
      |                         ^~~~~~~~~~
      |                         |
      |                         uint8_t * {aka unsigned char *}
In file included from ../Core/Src/main.c:24:
C:\ST\STM32CubeIDE_1.13.1\STM32CubeIDE\plugins\com.st.stm32cube.ide.mcu.externaltools.gnu-tools-for-stm32.11.3.rel1.win32_1.1.0.202305231506\tools\bin/../lib/gcc/arm-none-eabi/11.3.1/../../../../arm-none-eabi/include/stdio.h:254:18: note: expected 'char * restrict' but argument is of type 'uint8_t *' {aka 'unsigned char *'}
  254 | int     sprintf (char *__restrict, const char *__restrict, ...)
      |                  ^
../Core/Src/main.c: In function 'HAL_UART_RxCpltCallback':
../Core/Src/main.c:459:23: warning: pointer targets in passing argument 1 of 'strstr' differ in signedness [-Wpointer-sign]
  459 |         sign = strstr(rxdata, "-");
      |                       ^~~~~~
      |                       |
      |                       uint8_t * {aka unsigned char *}
In file included from ../Core/Src/main.c:25:
C:\ST\STM32CubeIDE_1.13.1\STM32CubeIDE\plugins\com.st.stm32cube.ide.mcu.externaltools.gnu-tools-for-stm32.11.3.rel1.win32_1.1.0.202305231506\tools\bin/../lib/gcc/arm-none-eabi/11.3.1/../../../../arm-none-eabi/include/string.h:48:18: note: expected 'const char *' but argument is of type 'uint8_t *' {aka 'unsigned char *'}
   48 | char    *strstr (const char *, const char *);
      |                  ^~~~~~~~~~~~
../Core/Src/main.c:460:26: warning: pointer targets in passing argument 1 of 'remove_all_chars' differ in signedness [-Wpointer-sign]
  460 |         remove_all_chars(rxdata, '-');
      |                          ^~~~~~
      |                          |
      |                          uint8_t * {aka unsigned char *}
../Core/Src/main.c:424:29: note: expected 'char *' but argument is of type 'uint8_t *' {aka 'unsigned char *'}
  424 | void remove_all_chars(char* str, char c)
      |                       ~~~~~~^~~
../Core/Src/main.c:461:16: warning: pointer targets in passing argument 1 of 'sscanf' differ in signedness [-Wpointer-sign]
  461 |         sscanf(rxdata, "%d", &pulses);
      |                ^~~~~~
      |                |
      |                uint8_t * {aka unsigned char *}
In file included from ../Core/Src/main.c:24:
C:\ST\STM32CubeIDE_1.13.1\STM32CubeIDE\plugins\com.st.stm32cube.ide.mcu.externaltools.gnu-tools-for-stm32.11.3.rel1.win32_1.1.0.202305231506\tools\bin/../lib/gcc/arm-none-eabi/11.3.1/../../../../arm-none-eabi/include/stdio.h:214:17: note: expected 'const char * restrict' but argument is of type 'uint8_t *' {aka 'unsigned char *'}
  214 | int     sscanf (const char *__restrict, const char *__restrict, ...)
      |                 ^
make: *** [Core/Src/subdir.mk:34: Core/Src/main.o] Error 1
"make -j8 all" terminated with exit code 2. Build might be incomplete.
