13:03:11 **** Incremental Build of configuration Debug for project 7seg ****
make -j8 all 
arm-none-eabi-gcc "../Core/Src/main.c" -mcpu=cortex-m0 -std=gnu11 -g3 -DDEBUG -DUSE_HAL_DRIVER -DSTM32F091xC -c -I../Core/Inc -I../Drivers/STM32F0xx_HAL_Driver/Inc -I../Drivers/STM32F0xx_HAL_Driver/Inc/Legacy -I../Drivers/CMSIS/Device/ST/STM32F0xx/Include -I../Drivers/CMSIS/Include -O0 -ffunction-sections -fdata-sections -Wall -fstack-usage -fcyclomatic-complexity -MMD -MP -MF"Core/Src/main.d" -MT"Core/Src/main.o" --specs=nano.specs -mfloat-abi=soft -mthumb -o "Core/Src/main.o"
../Core/Src/main.c: In function 'MX_TIM1_Init':
../Core/Src/main.c:209:3: warning: implicit declaration of function 'HAL_TIM_MspPostInit'; did you mean 'HAL_TIM_IC_MspInit'? [-Wimplicit-function-declaration]
  209 |   HAL_TIM_MspPostInit(&htim1);
      |   ^~~~~~~~~~~~~~~~~~~
      |   HAL_TIM_IC_MspInit
../Core/Src/main.c: In function 'MX_GPIO_Init':
../Core/Src/main.c:327:28: error: 'Test_Pin1_Pin' undeclared (first use in this function)
  327 |   HAL_GPIO_WritePin(GPIOA, Test_Pin1_Pin|Test_Pin2_Pin|DIR_A_Pin|DIR_B_Pin, GPIO_PIN_RESET);
      |                            ^~~~~~~~~~~~~
../Core/Src/main.c:327:28: note: each undeclared identifier is reported only once for each function it appears in
../Core/Src/main.c:327:42: error: 'Test_Pin2_Pin' undeclared (first use in this function)
  327 |   HAL_GPIO_WritePin(GPIOA, Test_Pin1_Pin|Test_Pin2_Pin|DIR_A_Pin|DIR_B_Pin, GPIO_PIN_RESET);
      |                                          ^~~~~~~~~~~~~
../Core/Src/main.c:327:56: error: 'DIR_A_Pin' undeclared (first use in this function)
  327 |   HAL_GPIO_WritePin(GPIOA, Test_Pin1_Pin|Test_Pin2_Pin|DIR_A_Pin|DIR_B_Pin, GPIO_PIN_RESET);
      |                                                        ^~~~~~~~~
../Core/Src/main.c:327:66: error: 'DIR_B_Pin' undeclared (first use in this function)
  327 |   HAL_GPIO_WritePin(GPIOA, Test_Pin1_Pin|Test_Pin2_Pin|DIR_A_Pin|DIR_B_Pin, GPIO_PIN_RESET);
      |                                                                  ^~~~~~~~~
../Core/Src/main.c:330:28: error: 'Test_Pin3_Pin' undeclared (first use in this function)
  330 |   HAL_GPIO_WritePin(GPIOC, Test_Pin3_Pin|Test_Pin4_Pin, GPIO_PIN_RESET);
      |                            ^~~~~~~~~~~~~
../Core/Src/main.c:330:42: error: 'Test_Pin4_Pin' undeclared (first use in this function)
  330 |   HAL_GPIO_WritePin(GPIOC, Test_Pin3_Pin|Test_Pin4_Pin, GPIO_PIN_RESET);
      |                                          ^~~~~~~~~~~~~
../Core/Src/main.c:333:28: error: 'Test_Pin5_Pin' undeclared (first use in this function)
  333 |   HAL_GPIO_WritePin(GPIOB, Test_Pin5_Pin|Test_Pin6_Pin|Test_Pin7_Pin|Test_Pin8_Pin
      |                            ^~~~~~~~~~~~~
../Core/Src/main.c:333:42: error: 'Test_Pin6_Pin' undeclared (first use in this function)
  333 |   HAL_GPIO_WritePin(GPIOB, Test_Pin5_Pin|Test_Pin6_Pin|Test_Pin7_Pin|Test_Pin8_Pin
      |                                          ^~~~~~~~~~~~~
../Core/Src/main.c:333:56: error: 'Test_Pin7_Pin' undeclared (first use in this function)
  333 |   HAL_GPIO_WritePin(GPIOB, Test_Pin5_Pin|Test_Pin6_Pin|Test_Pin7_Pin|Test_Pin8_Pin
      |                                                        ^~~~~~~~~~~~~
../Core/Src/main.c:333:70: error: 'Test_Pin8_Pin' undeclared (first use in this function)
  333 |   HAL_GPIO_WritePin(GPIOB, Test_Pin5_Pin|Test_Pin6_Pin|Test_Pin7_Pin|Test_Pin8_Pin
      |                                                                      ^~~~~~~~~~~~~
../Core/Src/main.c:334:28: error: 'Test_Pin9_Pin' undeclared (first use in this function)
  334 |                           |Test_Pin9_Pin|DIR_IC_Pin|EN_A_Pin|EN_B_Pin
      |                            ^~~~~~~~~~~~~
../Core/Src/main.c:334:42: error: 'DIR_IC_Pin' undeclared (first use in this function)
  334 |                           |Test_Pin9_Pin|DIR_IC_Pin|EN_A_Pin|EN_B_Pin
      |                                          ^~~~~~~~~~
../Core/Src/main.c:334:53: error: 'EN_A_Pin' undeclared (first use in this function)
  334 |                           |Test_Pin9_Pin|DIR_IC_Pin|EN_A_Pin|EN_B_Pin
      |                                                     ^~~~~~~~
../Core/Src/main.c:334:62: error: 'EN_B_Pin' undeclared (first use in this function)
  334 |                           |Test_Pin9_Pin|DIR_IC_Pin|EN_A_Pin|EN_B_Pin
      |                                                              ^~~~~~~~
../Core/Src/main.c:335:28: error: 'OE_Pin' undeclared (first use in this function)
  335 |                           |OE_Pin, GPIO_PIN_RESET);
      |                            ^~~~~~
../Core/Src/main.c:361:25: error: 'IR_Sensor_IO1_Pin' undeclared (first use in this function)
  361 |   GPIO_InitStruct.Pin = IR_Sensor_IO1_Pin|IR_Sensor_IO2_Pin;
      |                         ^~~~~~~~~~~~~~~~~
../Core/Src/main.c:361:43: error: 'IR_Sensor_IO2_Pin' undeclared (first use in this function)
  361 |   GPIO_InitStruct.Pin = IR_Sensor_IO1_Pin|IR_Sensor_IO2_Pin;
      |                                           ^~~~~~~~~~~~~~~~~
../Core/Src/main.c:367:25: error: 'Limit_SW1_Pin' undeclared (first use in this function)
  367 |   GPIO_InitStruct.Pin = Limit_SW1_Pin|Limit_SW2_Pin|Limit_SW3_Pin|Limit_SW4_Pin;
      |                         ^~~~~~~~~~~~~
../Core/Src/main.c:367:39: error: 'Limit_SW2_Pin' undeclared (first use in this function)
  367 |   GPIO_InitStruct.Pin = Limit_SW1_Pin|Limit_SW2_Pin|Limit_SW3_Pin|Limit_SW4_Pin;
      |                                       ^~~~~~~~~~~~~
../Core/Src/main.c:367:53: error: 'Limit_SW3_Pin' undeclared (first use in this function)
  367 |   GPIO_InitStruct.Pin = Limit_SW1_Pin|Limit_SW2_Pin|Limit_SW3_Pin|Limit_SW4_Pin;
      |                                                     ^~~~~~~~~~~~~
../Core/Src/main.c:367:67: error: 'Limit_SW4_Pin' undeclared (first use in this function)
  367 |   GPIO_InitStruct.Pin = Limit_SW1_Pin|Limit_SW2_Pin|Limit_SW3_Pin|Limit_SW4_Pin;
      |                                                                   ^~~~~~~~~~~~~
../Core/Src/main.c: In function 'HAL_GPIO_EXTI_Callback':
../Core/Src/main.c:410:25: warning: pointer targets in passing argument 1 of 'sprintf' differ in signedness [-Wpointer-sign]
  410 |                 sprintf(score_read, "%d\n\r", player1score);
      |                         ^~~~~~~~~~
      |                         |
      |                         uint8_t * {aka unsigned char *}
In file included from ../Core/Src/main.c:24:
C:\ST\STM32CubeIDE_1.13.1\STM32CubeIDE\plugins\com.st.stm32cube.ide.mcu.externaltools.gnu-tools-for-stm32.11.3.rel1.win32_1.1.0.202305231506\tools\bin/../lib/gcc/arm-none-eabi/11.3.1/../../../../arm-none-eabi/include/stdio.h:254:18: note: expected 'char * restrict' but argument is of type 'uint8_t *' {aka 'unsigned char *'}
  254 | int     sprintf (char *__restrict, const char *__restrict, ...)
      |                  ^
../Core/Src/main.c:417:25: warning: pointer targets in passing argument 1 of 'sprintf' differ in signedness [-Wpointer-sign]
  417 |                 sprintf(score_read, "%d\n\r", player2score);
      |                         ^~~~~~~~~~
      |                         |
      |                         uint8_t * {aka unsigned char *}
In file included from ../Core/Src/main.c:24:
C:\ST\STM32CubeIDE_1.13.1\STM32CubeIDE\plugins\com.st.stm32cube.ide.mcu.externaltools.gnu-tools-for-stm32.11.3.rel1.win32_1.1.0.202305231506\tools\bin/../lib/gcc/arm-none-eabi/11.3.1/../../../../arm-none-eabi/include/stdio.h:254:18: note: expected 'char * restrict' but argument is of type 'uint8_t *' {aka 'unsigned char *'}
  254 | int     sprintf (char *__restrict, const char *__restrict, ...)
      |                  ^
../Core/Src/main.c: In function 'HAL_UART_RxCpltCallback':
../Core/Src/main.c:459:23: warning: pointer targets in passing argument 1 of 'strstr' differ in signedness [-Wpointer-sign]
  459 |         sign = strstr(rxdata, "-");
      |                       ^~~~~~
      |                       |
      |                       uint8_t * {aka unsigned char *}
In file included from ../Core/Src/main.c:25:
C:\ST\STM32CubeIDE_1.13.1\STM32CubeIDE\plugins\com.st.stm32cube.ide.mcu.externaltools.gnu-tools-for-stm32.11.3.rel1.win32_1.1.0.202305231506\tools\bin/../lib/gcc/arm-none-eabi/11.3.1/../../../../arm-none-eabi/include/string.h:48:18: note: expected 'const char *' but argument is of type 'uint8_t *' {aka 'unsigned char *'}
   48 | char    *strstr (const char *, const char *);
      |                  ^~~~~~~~~~~~
../Core/Src/main.c:460:26: warning: pointer targets in passing argument 1 of 'remove_all_chars' differ in signedness [-Wpointer-sign]
  460 |         remove_all_chars(rxdata, '-');
      |                          ^~~~~~
      |                          |
      |                          uint8_t * {aka unsigned char *}
../Core/Src/main.c:424:29: note: expected 'char *' but argument is of type 'uint8_t *' {aka 'unsigned char *'}
  424 | void remove_all_chars(char* str, char c)
      |                       ~~~~~~^~~
../Core/Src/main.c:461:16: warning: pointer targets in passing argument 1 of 'sscanf' differ in signedness [-Wpointer-sign]
  461 |         sscanf(rxdata, "%d", &pulses);
      |                ^~~~~~
      |                |
      |                uint8_t * {aka unsigned char *}
In file included from ../Core/Src/main.c:24:
C:\ST\STM32CubeIDE_1.13.1\STM32CubeIDE\plugins\com.st.stm32cube.ide.mcu.externaltools.gnu-tools-for-stm32.11.3.rel1.win32_1.1.0.202305231506\tools\bin/../lib/gcc/arm-none-eabi/11.3.1/../../../../arm-none-eabi/include/stdio.h:214:17: note: expected 'const char * restrict' but argument is of type 'uint8_t *' {aka 'unsigned char *'}
  214 | int     sscanf (const char *__restrict, const char *__restrict, ...)
      |                 ^
make: *** [Core/Src/subdir.mk:34: Core/Src/main.o] Error 1
"make -j8 all" terminated with exit code 2. Build might be incomplete.

13:03:12 Build Failed. 22 errors, 6 warnings. (took 843ms)

